#
# There is insufficient memory for the Java Runtime Environment to continue.
# Native memory allocation (malloc) failed to allocate 174576 bytes. Error detail: Chunk::new
# Possible reasons:
#   The system is out of physical RAM or swap space
#   This process is running with CompressedOops enabled, and the Java Heap may be blocking the growth of the native heap
# Possible solutions:
#   Reduce memory load on the system
#   Increase physical memory or swap space
#   Check if swap backing store is full
#   Decrease Java heap size (-Xmx/-Xms)
#   Decrease number of Java threads
#   Decrease Java thread stack sizes (-Xss)
#   Set larger code cache with -XX:ReservedCodeCacheSize=
#   JVM is running with Unscaled Compressed Oops mode in which the Java heap is
#     placed in the first 4GB address space. The Java Heap base address is the
#     maximum limit for the native heap growth. Please use -XX:HeapBaseMinAddress
#     to set the Java Heap base and to place the Java Heap above 4GB virtual address.
# This output file may be truncated or incomplete.
#
#  Out of Memory Error (arena.cpp:168), pid=1324, tid=1300
#
# JRE version: OpenJDK Runtime Environment Temurin-21.0.10+7 (21.0.10+7) (build 21.0.10+7-LTS)
# Java VM: OpenJDK 64-Bit Server VM Temurin-21.0.10+7 (21.0.10+7-LTS, mixed mode, sharing, tiered, compressed oops, compressed class ptrs, g1 gc, windows-amd64)
# No core dump will be written. Minidumps are not enabled by default on client versions of Windows
#

---------------  S U M M A R Y ------------

Command Line: -Xms256m -Xmx768m -Dclassworlds.conf=C:/Users/joser/.m2/wrapper/dists/apache-maven-3.9.14/db91789b/bin/m2.conf -Dmaven.home=C:/Users/joser/.m2/wrapper/dists/apache-maven-3.9.14/db91789b -Dlibrary.jansi.path=C:/Users/joser/.m2/wrapper/dists/apache-maven-3.9.14/db91789b/lib/jansi-native -Dmaven.multiModuleProjectDirectory=C:/Users/joser/OneDrive/Desktop/colegio-bernardo-ohiggins/api-gateway org.codehaus.plexus.classworlds.launcher.Launcher test

Host: Intel(R) Core(TM) i5-8300H CPU @ 2.30GHz, 8 cores, 15G,  Windows 11 , 64 bit Build 26100 (10.0.26100.8521)
Time: Fri Jun 19 00:00:03 2026 Hora est. Sudamérica Pacífico elapsed time: 7.131532 seconds (0d 0h 0m 7s)

---------------  T H R E A D  ---------------

Current thread (0x00000162b105d860):  JavaThread "C2 CompilerThread0" daemon [_thread_in_native, id=1300, stack(0x0000006088d00000,0x0000006088e00000) (1024K)]


Current CompileTask:
C2:7131 3586       4       org.codehaus.plexus.interpolation.util.ValueSourceUtils::trimPrefix (88 bytes)

Stack: [0x0000006088d00000,0x0000006088e00000]
Native frames: (J=compiled Java code, j=interpreted, Vv=VM code, C=native code)
V  [jvm.dll+0x6d7a39]
V  [jvm.dll+0x8b4b26]
V  [jvm.dll+0x8b70de]
V  [jvm.dll+0x8b77c3]
V  [jvm.dll+0x284346]
V  [jvm.dll+0xc66ed]
V  [jvm.dll+0xc6c31]
V  [jvm.dll+0x2fb29e]
V  [jvm.dll+0x5fe884]
V  [jvm.dll+0x255b17]
V  [jvm.dll+0x24dc0b]
V  [jvm.dll+0x24ba42]
V  [jvm.dll+0x1cb34e]
V  [jvm.dll+0x25b85d]
V  [jvm.dll+0x259dea]
V  [jvm.dll+0x3f857e]
V  [jvm.dll+0x85f59d]
V  [jvm.dll+0x6d626d]
C  [ucrtbase.dll+0x2cd30]
C  [KERNEL32.DLL+0x2e957]
C  [ntdll.dll+0x87c1c]


---------------  P R O C E S S  ---------------

Threads class SMR info:
_java_thread_list=0x00000162f823cfa0, length=12, elements={
0x00000162937e0360, 0x00000162b1037280, 0x00000162b103a620, 0x00000162b1040080,
0x00000162b1040aa0, 0x00000162b1041e30, 0x00000162b1047d70, 0x00000162b105d860,
0x00000162b1067be0, 0x00000162b119f950, 0x00000162b11a2db0, 0x00000162f79fd800
}

Java Threads: ( => current thread )
  0x00000162937e0360 JavaThread "main"                              [_thread_in_Java, id=21264, stack(0x0000006087f00000,0x0000006088000000) (1024K)]
  0x00000162b1037280 JavaThread "Reference Handler"          daemon [_thread_blocked, id=20040, stack(0x0000006088700000,0x0000006088800000) (1024K)]
  0x00000162b103a620 JavaThread "Finalizer"                  daemon [_thread_blocked, id=12624, stack(0x0000006088800000,0x0000006088900000) (1024K)]
  0x00000162b1040080 JavaThread "Signal Dispatcher"          daemon [_thread_blocked, id=7720, stack(0x0000006088900000,0x0000006088a00000) (1024K)]
  0x00000162b1040aa0 JavaThread "Attach Listener"            daemon [_thread_blocked, id=22048, stack(0x0000006088a00000,0x0000006088b00000) (1024K)]
  0x00000162b1041e30 JavaThread "Service Thread"             daemon [_thread_blocked, id=12488, stack(0x0000006088b00000,0x0000006088c00000) (1024K)]
  0x00000162b1047d70 JavaThread "Monitor Deflation Thread"   daemon [_thread_blocked, id=1176, stack(0x0000006088c00000,0x0000006088d00000) (1024K)]
=>0x00000162b105d860 JavaThread "C2 CompilerThread0"         daemon [_thread_in_native, id=1300, stack(0x0000006088d00000,0x0000006088e00000) (1024K)]
  0x00000162b1067be0 JavaThread "C1 CompilerThread0"         daemon [_thread_in_native, id=21188, stack(0x0000006088e00000,0x0000006088f00000) (1024K)]
  0x00000162b119f950 JavaThread "Notification Thread"        daemon [_thread_blocked, id=11296, stack(0x0000006088f00000,0x0000006089000000) (1024K)]
  0x00000162b11a2db0 JavaThread "Common-Cleaner"             daemon [_thread_blocked, id=13224, stack(0x0000006089000000,0x0000006089100000) (1024K)]
  0x00000162f79fd800 JavaThread "Thread-1"                   daemon [_thread_blocked, id=14968, stack(0x0000006089100000,0x0000006089200000) (1024K)]
Total: 12

Other Threads:
  0x00000162b101b5a0 VMThread "VM Thread"                           [id=10336, stack(0x0000006088600000,0x0000006088700000) (1024K)]
  0x00000162b100c3d0 WatcherThread "VM Periodic Task Thread"        [id=6084, stack(0x0000006088500000,0x0000006088600000) (1024K)]
  0x0000016295ca9d40 WorkerThread "GC Thread#0"                     [id=5540, stack(0x0000006088000000,0x0000006088100000) (1024K)]
  0x00000162f753e010 WorkerThread "GC Thread#1"                     [id=22072, stack(0x0000006089300000,0x0000006089400000) (1024K)]
  0x00000162f753e3c0 WorkerThread "GC Thread#2"                     [id=7532, stack(0x0000006089400000,0x0000006089500000) (1024K)]
  0x00000162f741acf0 WorkerThread "GC Thread#3"                     [id=21092, stack(0x0000006089500000,0x0000006089600000) (1024K)]
  0x00000162f741b0a0 WorkerThread "GC Thread#4"                     [id=2908, stack(0x0000006089600000,0x0000006089700000) (1024K)]
  0x00000162f741b450 WorkerThread "GC Thread#5"                     [id=4612, stack(0x0000006089700000,0x0000006089800000) (1024K)]
  0x00000162f739b830 WorkerThread "GC Thread#6"                     [id=11592, stack(0x0000006089800000,0x0000006089900000) (1024K)]
  0x00000162f722f470 WorkerThread "GC Thread#7"                     [id=18840, stack(0x0000006089900000,0x0000006089a00000) (1024K)]
  0x0000016295cb0d30 ConcurrentGCThread "G1 Main Marker"            [id=21948, stack(0x0000006088100000,0x0000006088200000) (1024K)]
  0x0000016295cb2e60 WorkerThread "G1 Conc#0"                       [id=18680, stack(0x0000006088200000,0x0000006088300000) (1024K)]
  0x0000016295d3e400 ConcurrentGCThread "G1 Refine#0"               [id=2088, stack(0x0000006088300000,0x0000006088400000) (1024K)]
  0x0000016295d3ea30 ConcurrentGCThread "G1 Service"                [id=13056, stack(0x0000006088400000,0x0000006088500000) (1024K)]
Total: 14

Threads with active compile tasks:
C2 CompilerThread0  7193 3586       4       org.codehaus.plexus.interpolation.util.ValueSourceUtils::trimPrefix (88 bytes)
C1 CompilerThread0  7193 3624       3       org.codehaus.plexus.interpolation.reflection.MethodMap::get (14 bytes)
Total: 2

VM state: not at safepoint (normal execution)

VM Mutex/Monitor currently owned by a thread: None

Heap address: 0x00000000d0000000, size: 768 MB, Compressed Oops mode: 32-bit

CDS archive(s) mapped at: [0x00000162b2000000-0x00000162b2c80000-0x00000162b2c80000), size 13107200, SharedBaseAddress: 0x00000162b2000000, ArchiveRelocationMode: 1.
Compressed class space mapped at: 0x00000162b3000000-0x00000162f3000000, reserved size: 1073741824
Narrow klass base: 0x00000162b2000000, Narrow klass shift: 0, Narrow klass range: 0x100000000

GC Precious Log:
 CardTable entry size: 512
 Card Set container configuration: InlinePtr #cards 5 size 8 Array Of Cards #cards 12 size 40 Howl #buckets 4 coarsen threshold 1843 Howl Bitmap #cards 512 size 80 coarsen threshold 460 Card regions per heap region 1 cards per card region 2048
 CPUs: 8 total, 8 available
 Memory: 16235M
 Large Page Support: Disabled
 NUMA Support: Disabled
 Compressed Oops: Enabled (32-bit)
 Heap Region Size: 1M
 Heap Min Capacity: 256M
 Heap Initial Capacity: 256M
 Heap Max Capacity: 768M
 Pre-touch: Disabled
 Parallel Workers: 8
 Concurrent Workers: 2
 Concurrent Refinement Workers: 8
 Periodic GC: Disabled

Heap:
 garbage-first heap   total 262144K, used 59082K [0x00000000d0000000, 0x0000000100000000)
  region size 1024K, 55 young (56320K), 2 survivors (2048K)
 Metaspace       used 15594K, committed 15808K, reserved 1114112K
  class space    used 1849K, committed 1920K, reserved 1048576K

Heap Regions: E=young(eden), S=young(survivor), O=old, HS=humongous(starts), HC=humongous(continues), CS=collection set, F=free, TAMS=top-at-mark-start, PB=parsable bottom
|   0|0x00000000d0000000, 0x00000000d0100000, 0x00000000d0100000|100%| O|  |TAMS 0x00000000d0000000| PB 0x00000000d0000000| Untracked 
|   1|0x00000000d0100000, 0x00000000d0200000, 0x00000000d0200000|100%| O|  |TAMS 0x00000000d0100000| PB 0x00000000d0100000| Untracked 
|   2|0x00000000d0200000, 0x00000000d0300000, 0x00000000d0300000|100%| O|  |TAMS 0x00000000d0200000| PB 0x00000000d0200000| Untracked 
|   3|0x00000000d0300000, 0x00000000d03b46d0, 0x00000000d0400000| 70%| O|  |TAMS 0x00000000d0300000| PB 0x00000000d0300000| Untracked 
|   4|0x00000000d0400000, 0x00000000d0400000, 0x00000000d0500000|  0%| F|  |TAMS 0x00000000d0400000| PB 0x00000000d0400000| Untracked 
|   5|0x00000000d0500000, 0x00000000d0500000, 0x00000000d0600000|  0%| F|  |TAMS 0x00000000d0500000| PB 0x00000000d0500000| Untracked 
|   6|0x00000000d0600000, 0x00000000d0600000, 0x00000000d0700000|  0%| F|  |TAMS 0x00000000d0600000| PB 0x00000000d0600000| Untracked 
|   7|0x00000000d0700000, 0x00000000d0700000, 0x00000000d0800000|  0%| F|  |TAMS 0x00000000d0700000| PB 0x00000000d0700000| Untracked 
|   8|0x00000000d0800000, 0x00000000d0800000, 0x00000000d0900000|  0%| F|  |TAMS 0x00000000d0800000| PB 0x00000000d0800000| Untracked 
|   9|0x00000000d0900000, 0x00000000d0900000, 0x00000000d0a00000|  0%| F|  |TAMS 0x00000000d0900000| PB 0x00000000d0900000| Untracked 
|  10|0x00000000d0a00000, 0x00000000d0a00000, 0x00000000d0b00000|  0%| F|  |TAMS 0x00000000d0a00000| PB 0x00000000d0a00000| Untracked 
|  11|0x00000000d0b00000, 0x00000000d0b00000, 0x00000000d0c00000|  0%| F|  |TAMS 0x00000000d0b00000| PB 0x00000000d0b00000| Untracked 
|  12|0x00000000d0c00000, 0x00000000d0c00000, 0x00000000d0d00000|  0%| F|  |TAMS 0x00000000d0c00000| PB 0x00000000d0c00000| Untracked 
|  13|0x00000000d0d00000, 0x00000000d0d00000, 0x00000000d0e00000|  0%| F|  |TAMS 0x00000000d0d00000| PB 0x00000000d0d00000| Untracked 
|  14|0x00000000d0e00000, 0x00000000d0e00000, 0x00000000d0f00000|  0%| F|  |TAMS 0x00000000d0e00000| PB 0x00000000d0e00000| Untracked 
|  15|0x00000000d0f00000, 0x00000000d0f00000, 0x00000000d1000000|  0%| F|  |TAMS 0x00000000d0f00000| PB 0x00000000d0f00000| Untracked 
|  16|0x00000000d1000000, 0x00000000d1000000, 0x00000000d1100000|  0%| F|  |TAMS 0x00000000d1000000| PB 0x00000000d1000000| Untracked 
|  17|0x00000000d1100000, 0x00000000d1100000, 0x00000000d1200000|  0%| F|  |TAMS 0x00000000d1100000| PB 0x00000000d1100000| Untracked 
|  18|0x00000000d1200000, 0x00000000d1200000, 0x00000000d1300000|  0%| F|  |TAMS 0x00000000d1200000| PB 0x00000000d1200000| Untracked 
|  19|0x00000000d1300000, 0x00000000d1300000, 0x00000000d1400000|  0%| F|  |TAMS 0x00000000d1300000| PB 0x00000000d1300000| Untracked 
|  20|0x00000000d1400000, 0x00000000d1400000, 0x00000000d1500000|  0%| F|  |TAMS 0x00000000d1400000| PB 0x00000000d1400000| Untracked 
|  21|0x00000000d1500000, 0x00000000d1500000, 0x00000000d1600000|  0%| F|  |TAMS 0x00000000d1500000| PB 0x00000000d1500000| Untracked 
|  22|0x00000000d1600000, 0x00000000d1600000, 0x00000000d1700000|  0%| F|  |TAMS 0x00000000d1600000| PB 0x00000000d1600000| Untracked 
|  23|0x00000000d1700000, 0x00000000d1700000, 0x00000000d1800000|  0%| F|  |TAMS 0x00000000d1700000| PB 0x00000000d1700000| Untracked 
|  24|0x00000000d1800000, 0x00000000d1800000, 0x00000000d1900000|  0%| F|  |TAMS 0x00000000d1800000| PB 0x00000000d1800000| Untracked 
|  25|0x00000000d1900000, 0x00000000d1900000, 0x00000000d1a00000|  0%| F|  |TAMS 0x00000000d1900000| PB 0x00000000d1900000| Untracked 
|  26|0x00000000d1a00000, 0x00000000d1a00000, 0x00000000d1b00000|  0%| F|  |TAMS 0x00000000d1a00000| PB 0x00000000d1a00000| Untracked 
|  27|0x00000000d1b00000, 0x00000000d1b00000, 0x00000000d1c00000|  0%| F|  |TAMS 0x00000000d1b00000| PB 0x00000000d1b00000| Untracked 
|  28|0x00000000d1c00000, 0x00000000d1c00000, 0x00000000d1d00000|  0%| F|  |TAMS 0x00000000d1c00000| PB 0x00000000d1c00000| Untracked 
|  29|0x00000000d1d00000, 0x00000000d1d00000, 0x00000000d1e00000|  0%| F|  |TAMS 0x00000000d1d00000| PB 0x00000000d1d00000| Untracked 
|  30|0x00000000d1e00000, 0x00000000d1e00000, 0x00000000d1f00000|  0%| F|  |TAMS 0x00000000d1e00000| PB 0x00000000d1e00000| Untracked 
|  31|0x00000000d1f00000, 0x00000000d1f00000, 0x00000000d2000000|  0%| F|  |TAMS 0x00000000d1f00000| PB 0x00000000d1f00000| Untracked 
|  32|0x00000000d2000000, 0x00000000d2000000, 0x00000000d2100000|  0%| F|  |TAMS 0x00000000d2000000| PB 0x00000000d2000000| Untracked 
|  33|0x00000000d2100000, 0x00000000d2100000, 0x00000000d2200000|  0%| F|  |TAMS 0x00000000d2100000| PB 0x00000000d2100000| Untracked 
|  34|0x00000000d2200000, 0x00000000d2200000, 0x00000000d2300000|  0%| F|  |TAMS 0x00000000d2200000| PB 0x00000000d2200000| Untracked 
|  35|0x00000000d2300000, 0x00000000d2300000, 0x00000000d2400000|  0%| F|  |TAMS 0x00000000d2300000| PB 0x00000000d2300000| Untracked 
|  36|0x00000000d2400000, 0x00000000d2400000, 0x00000000d2500000|  0%| F|  |TAMS 0x00000000d2400000| PB 0x00000000d2400000| Untracked 
|  37|0x00000000d2500000, 0x00000000d2500000, 0x00000000d2600000|  0%| F|  |TAMS 0x00000000d2500000| PB 0x00000000d2500000| Untracked 
|  38|0x00000000d2600000, 0x00000000d2600000, 0x00000000d2700000|  0%| F|  |TAMS 0x00000000d2600000| PB 0x00000000d2600000| Untracked 
|  39|0x00000000d2700000, 0x00000000d2700000, 0x00000000d2800000|  0%| F|  |TAMS 0x00000000d2700000| PB 0x00000000d2700000| Untracked 
|  40|0x00000000d2800000, 0x00000000d2800000, 0x00000000d2900000|  0%| F|  |TAMS 0x00000000d2800000| PB 0x00000000d2800000| Untracked 
|  41|0x00000000d2900000, 0x00000000d2900000, 0x00000000d2a00000|  0%| F|  |TAMS 0x00000000d2900000| PB 0x00000000d2900000| Untracked 
|  42|0x00000000d2a00000, 0x00000000d2a00000, 0x00000000d2b00000|  0%| F|  |TAMS 0x00000000d2a00000| PB 0x00000000d2a00000| Untracked 
|  43|0x00000000d2b00000, 0x00000000d2b00000, 0x00000000d2c00000|  0%| F|  |TAMS 0x00000000d2b00000| PB 0x00000000d2b00000| Untracked 
|  44|0x00000000d2c00000, 0x00000000d2c00000, 0x00000000d2d00000|  0%| F|  |TAMS 0x00000000d2c00000| PB 0x00000000d2c00000| Untracked 
|  45|0x00000000d2d00000, 0x00000000d2d00000, 0x00000000d2e00000|  0%| F|  |TAMS 0x00000000d2d00000| PB 0x00000000d2d00000| Untracked 
|  46|0x00000000d2e00000, 0x00000000d2e00000, 0x00000000d2f00000|  0%| F|  |TAMS 0x00000000d2e00000| PB 0x00000000d2e00000| Untracked 
|  47|0x00000000d2f00000, 0x00000000d2f00000, 0x00000000d3000000|  0%| F|  |TAMS 0x00000000d2f00000| PB 0x00000000d2f00000| Untracked 
|  48|0x00000000d3000000, 0x00000000d3000000, 0x00000000d3100000|  0%| F|  |TAMS 0x00000000d3000000| PB 0x00000000d3000000| Untracked 
|  49|0x00000000d3100000, 0x00000000d3100000, 0x00000000d3200000|  0%| F|  |TAMS 0x00000000d3100000| PB 0x00000000d3100000| Untracked 
|  50|0x00000000d3200000, 0x00000000d3200000, 0x00000000d3300000|  0%| F|  |TAMS 0x00000000d3200000| PB 0x00000000d3200000| Untracked 
|  51|0x00000000d3300000, 0x00000000d3300000, 0x00000000d3400000|  0%| F|  |TAMS 0x00000000d3300000| PB 0x00000000d3300000| Untracked 
|  52|0x00000000d3400000, 0x00000000d3400000, 0x00000000d3500000|  0%| F|  |TAMS 0x00000000d3400000| PB 0x00000000d3400000| Untracked 
|  53|0x00000000d3500000, 0x00000000d3500000, 0x00000000d3600000|  0%| F|  |TAMS 0x00000000d3500000| PB 0x00000000d3500000| Untracked 
|  54|0x00000000d3600000, 0x00000000d3600000, 0x00000000d3700000|  0%| F|  |TAMS 0x00000000d3600000| PB 0x00000000d3600000| Untracked 
|  55|0x00000000d3700000, 0x00000000d3700000, 0x00000000d3800000|  0%| F|  |TAMS 0x00000000d3700000| PB 0x00000000d3700000| Untracked 
|  56|0x00000000d3800000, 0x00000000d3800000, 0x00000000d3900000|  0%| F|  |TAMS 0x00000000d3800000| PB 0x00000000d3800000| Untracked 
|  57|0x00000000d3900000, 0x00000000d3900000, 0x00000000d3a00000|  0%| F|  |TAMS 0x00000000d3900000| PB 0x00000000d3900000| Untracked 
|  58|0x00000000d3a00000, 0x00000000d3a00000, 0x00000000d3b00000|  0%| F|  |TAMS 0x00000000d3a00000| PB 0x00000000d3a00000| Untracked 
|  59|0x00000000d3b00000, 0x00000000d3b00000, 0x00000000d3c00000|  0%| F|  |TAMS 0x00000000d3b00000| PB 0x00000000d3b00000| Untracked 
|  60|0x00000000d3c00000, 0x00000000d3c00000, 0x00000000d3d00000|  0%| F|  |TAMS 0x00000000d3c00000| PB 0x00000000d3c00000| Untracked 
|  61|0x00000000d3d00000, 0x00000000d3d00000, 0x00000000d3e00000|  0%| F|  |TAMS 0x00000000d3d00000| PB 0x00000000d3d00000| Untracked 
|  62|0x00000000d3e00000, 0x00000000d3e00000, 0x00000000d3f00000|  0%| F|  |TAMS 0x00000000d3e00000| PB 0x00000000d3e00000| Untracked 
|  63|0x00000000d3f00000, 0x00000000d3f00000, 0x00000000d4000000|  0%| F|  |TAMS 0x00000000d3f00000| PB 0x00000000d3f00000| Untracked 
|  64|0x00000000d4000000, 0x00000000d4000000, 0x00000000d4100000|  0%| F|  |TAMS 0x00000000d4000000| PB 0x00000000d4000000| Untracked 
|  65|0x00000000d4100000, 0x00000000d4100000, 0x00000000d4200000|  0%| F|  |TAMS 0x00000000d4100000| PB 0x00000000d4100000| Untracked 
|  66|0x00000000d4200000, 0x00000000d4200000, 0x00000000d4300000|  0%| F|  |TAMS 0x00000000d4200000| PB 0x00000000d4200000| Untracked 
|  67|0x00000000d4300000, 0x00000000d4300000, 0x00000000d4400000|  0%| F|  |TAMS 0x00000000d4300000| PB 0x00000000d4300000| Untracked 
|  68|0x00000000d4400000, 0x00000000d4400000, 0x00000000d4500000|  0%| F|  |TAMS 0x00000000d4400000| PB 0x00000000d4400000| Untracked 
|  69|0x00000000d4500000, 0x00000000d4500000, 0x00000000d4600000|  0%| F|  |TAMS 0x00000000d4500000| PB 0x00000000d4500000| Untracked 
|  70|0x00000000d4600000, 0x00000000d4600000, 0x00000000d4700000|  0%| F|  |TAMS 0x00000000d4600000| PB 0x00000000d4600000| Untracked 
|  71|0x00000000d4700000, 0x00000000d4700000, 0x00000000d4800000|  0%| F|  |TAMS 0x00000000d4700000| PB 0x00000000d4700000| Untracked 
|  72|0x00000000d4800000, 0x00000000d4800000, 0x00000000d4900000|  0%| F|  |TAMS 0x00000000d4800000| PB 0x00000000d4800000| Untracked 
|  73|0x00000000d4900000, 0x00000000d4900000, 0x00000000d4a00000|  0%| F|  |TAMS 0x00000000d4900000| PB 0x00000000d4900000| Untracked 
|  74|0x00000000d4a00000, 0x00000000d4a00000, 0x00000000d4b00000|  0%| F|  |TAMS 0x00000000d4a00000| PB 0x00000000d4a00000| Untracked 
|  75|0x00000000d4b00000, 0x00000000d4b00000, 0x00000000d4c00000|  0%| F|  |TAMS 0x00000000d4b00000| PB 0x00000000d4b00000| Untracked 
|  76|0x00000000d4c00000, 0x00000000d4c00000, 0x00000000d4d00000|  0%| F|  |TAMS 0x00000000d4c00000| PB 0x00000000d4c00000| Untracked 
|  77|0x00000000d4d00000, 0x00000000d4d00000, 0x00000000d4e00000|  0%| F|  |TAMS 0x00000000d4d00000| PB 0x00000000d4d00000| Untracked 
|  78|0x00000000d4e00000, 0x00000000d4e00000, 0x00000000d4f00000|  0%| F|  |TAMS 0x00000000d4e00000| PB 0x00000000d4e00000| Untracked 
|  79|0x00000000d4f00000, 0x00000000d4f00000, 0x00000000d5000000|  0%| F|  |TAMS 0x00000000d4f00000| PB 0x00000000d4f00000| Untracked 
|  80|0x00000000d5000000, 0x00000000d5000000, 0x00000000d5100000|  0%| F|  |TAMS 0x00000000d5000000| PB 0x00000000d5000000| Untracked 
|  81|0x00000000d5100000, 0x00000000d5100000, 0x00000000d5200000|  0%| F|  |TAMS 0x00000000d5100000| PB 0x00000000d5100000| Untracked 
|  82|0x00000000d5200000, 0x00000000d5200000, 0x00000000d5300000|  0%| F|  |TAMS 0x00000000d5200000| PB 0x00000000d5200000| Untracked 
|  83|0x00000000d5300000, 0x00000000d5300000, 0x00000000d5400000|  0%| F|  |TAMS 0x00000000d5300000| PB 0x00000000d5300000| Untracked 
|  84|0x00000000d5400000, 0x00000000d5400000, 0x00000000d5500000|  0%| F|  |TAMS 0x00000000d5400000| PB 0x00000000d5400000| Untracked 
|  85|0x00000000d5500000, 0x00000000d5500000, 0x00000000d5600000|  0%| F|  |TAMS 0x00000000d5500000| PB 0x00000000d5500000| Untracked 
|  86|0x00000000d5600000, 0x00000000d5600000, 0x00000000d5700000|  0%| F|  |TAMS 0x00000000d5600000| PB 0x00000000d5600000| Untracked 
|  87|0x00000000d5700000, 0x00000000d5700000, 0x00000000d5800000|  0%| F|  |TAMS 0x00000000d5700000| PB 0x00000000d5700000| Untracked 
|  88|0x00000000d5800000, 0x00000000d5800000, 0x00000000d5900000|  0%| F|  |TAMS 0x00000000d5800000| PB 0x00000000d5800000| Untracked 
|  89|0x00000000d5900000, 0x00000000d5900000, 0x00000000d5a00000|  0%| F|  |TAMS 0x00000000d5900000| PB 0x00000000d5900000| Untracked 
|  90|0x00000000d5a00000, 0x00000000d5a00000, 0x00000000d5b00000|  0%| F|  |TAMS 0x00000000d5a00000| PB 0x00000000d5a00000| Untracked 
|  91|0x00000000d5b00000, 0x00000000d5b00000, 0x00000000d5c00000|  0%| F|  |TAMS 0x00000000d5b00000| PB 0x00000000d5b00000| Untracked 
|  92|0x00000000d5c00000, 0x00000000d5c00000, 0x00000000d5d00000|  0%| F|  |TAMS 0x00000000d5c00000| PB 0x00000000d5c00000| Untracked 
|  93|0x00000000d5d00000, 0x00000000d5d00000, 0x00000000d5e00000|  0%| F|  |TAMS 0x00000000d5d00000| PB 0x00000000d5d00000| Untracked 
|  94|0x00000000d5e00000, 0x00000000d5e00000, 0x00000000d5f00000|  0%| F|  |TAMS 0x00000000d5e00000| PB 0x00000000d5e00000| Untracked 
|  95|0x00000000d5f00000, 0x00000000d5f00000, 0x00000000d6000000|  0%| F|  |TAMS 0x00000000d5f00000| PB 0x00000000d5f00000| Untracked 
|  96|0x00000000d6000000, 0x00000000d6000000, 0x00000000d6100000|  0%| F|  |TAMS 0x00000000d6000000| PB 0x00000000d6000000| Untracked 
|  97|0x00000000d6100000, 0x00000000d6100000, 0x00000000d6200000|  0%| F|  |TAMS 0x00000000d6100000| PB 0x00000000d6100000| Untracked 
|  98|0x00000000d6200000, 0x00000000d6200000, 0x00000000d6300000|  0%| F|  |TAMS 0x00000000d6200000| PB 0x00000000d6200000| Untracked 
|  99|0x00000000d6300000, 0x00000000d6300000, 0x00000000d6400000|  0%| F|  |TAMS 0x00000000d6300000| PB 0x00000000d6300000| Untracked 
| 100|0x00000000d6400000, 0x00000000d6400000, 0x00000000d6500000|  0%| F|  |TAMS 0x00000000d6400000| PB 0x00000000d6400000| Untracked 
| 101|0x00000000d6500000, 0x00000000d6500000, 0x00000000d6600000|  0%| F|  |TAMS 0x00000000d6500000| PB 0x00000000d6500000| Untracked 
| 102|0x00000000d6600000, 0x00000000d6600000, 0x00000000d6700000|  0%| F|  |TAMS 0x00000000d6600000| PB 0x00000000d6600000| Untracked 
| 103|0x00000000d6700000, 0x00000000d6700000, 0x00000000d6800000|  0%| F|  |TAMS 0x00000000d6700000| PB 0x00000000d6700000| Untracked 
| 104|0x00000000d6800000, 0x00000000d6800000, 0x00000000d6900000|  0%| F|  |TAMS 0x00000000d6800000| PB 0x00000000d6800000| Untracked 
| 105|0x00000000d6900000, 0x00000000d6900000, 0x00000000d6a00000|  0%| F|  |TAMS 0x00000000d6900000| PB 0x00000000d6900000| Untracked 
| 106|0x00000000d6a00000, 0x00000000d6a00000, 0x00000000d6b00000|  0%| F|  |TAMS 0x00000000d6a00000| PB 0x00000000d6a00000| Untracked 
| 107|0x00000000d6b00000, 0x00000000d6b00000, 0x00000000d6c00000|  0%| F|  |TAMS 0x00000000d6b00000| PB 0x00000000d6b00000| Untracked 
| 108|0x00000000d6c00000, 0x00000000d6c00000, 0x00000000d6d00000|  0%| F|  |TAMS 0x00000000d6c00000| PB 0x00000000d6c00000| Untracked 
| 109|0x00000000d6d00000, 0x00000000d6d00000, 0x00000000d6e00000|  0%| F|  |TAMS 0x00000000d6d00000| PB 0x00000000d6d00000| Untracked 
| 110|0x00000000d6e00000, 0x00000000d6e00000, 0x00000000d6f00000|  0%| F|  |TAMS 0x00000000d6e00000| PB 0x00000000d6e00000| Untracked 
| 111|0x00000000d6f00000, 0x00000000d6f00000, 0x00000000d7000000|  0%| F|  |TAMS 0x00000000d6f00000| PB 0x00000000d6f00000| Untracked 
| 112|0x00000000d7000000, 0x00000000d7000000, 0x00000000d7100000|  0%| F|  |TAMS 0x00000000d7000000| PB 0x00000000d7000000| Untracked 
| 113|0x00000000d7100000, 0x00000000d7100000, 0x00000000d7200000|  0%| F|  |TAMS 0x00000000d7100000| PB 0x00000000d7100000| Untracked 
| 114|0x00000000d7200000, 0x00000000d7200000, 0x00000000d7300000|  0%| F|  |TAMS 0x00000000d7200000| PB 0x00000000d7200000| Untracked 
| 115|0x00000000d7300000, 0x00000000d7300000, 0x00000000d7400000|  0%| F|  |TAMS 0x00000000d7300000| PB 0x00000000d7300000| Untracked 
| 116|0x00000000d7400000, 0x00000000d7400000, 0x00000000d7500000|  0%| F|  |TAMS 0x00000000d7400000| PB 0x00000000d7400000| Untracked 
| 117|0x00000000d7500000, 0x00000000d7500000, 0x00000000d7600000|  0%| F|  |TAMS 0x00000000d7500000| PB 0x00000000d7500000| Untracked 
| 118|0x00000000d7600000, 0x00000000d7600000, 0x00000000d7700000|  0%| F|  |TAMS 0x00000000d7600000| PB 0x00000000d7600000| Untracked 
| 119|0x00000000d7700000, 0x00000000d7700000, 0x00000000d7800000|  0%| F|  |TAMS 0x00000000d7700000| PB 0x00000000d7700000| Untracked 
| 120|0x00000000d7800000, 0x00000000d7800000, 0x00000000d7900000|  0%| F|  |TAMS 0x00000000d7800000| PB 0x00000000d7800000| Untracked 
| 121|0x00000000d7900000, 0x00000000d7900000, 0x00000000d7a00000|  0%| F|  |TAMS 0x00000000d7900000| PB 0x00000000d7900000| Untracked 
| 122|0x00000000d7a00000, 0x00000000d7a00000, 0x00000000d7b00000|  0%| F|  |TAMS 0x00000000d7a00000| PB 0x00000000d7a00000| Untracked 
| 123|0x00000000d7b00000, 0x00000000d7b00000, 0x00000000d7c00000|  0%| F|  |TAMS 0x00000000d7b00000| PB 0x00000000d7b00000| Untracked 
| 124|0x00000000d7c00000, 0x00000000d7c00000, 0x00000000d7d00000|  0%| F|  |TAMS 0x00000000d7c00000| PB 0x00000000d7c00000| Untracked 
| 125|0x00000000d7d00000, 0x00000000d7d00000, 0x00000000d7e00000|  0%| F|  |TAMS 0x00000000d7d00000| PB 0x00000000d7d00000| Untracked 
| 126|0x00000000d7e00000, 0x00000000d7e00000, 0x00000000d7f00000|  0%| F|  |TAMS 0x00000000d7e00000| PB 0x00000000d7e00000| Untracked 
| 127|0x00000000d7f00000, 0x00000000d7f00000, 0x00000000d8000000|  0%| F|  |TAMS 0x00000000d7f00000| PB 0x00000000d7f00000| Untracked 
| 128|0x00000000d8000000, 0x00000000d8000000, 0x00000000d8100000|  0%| F|  |TAMS 0x00000000d8000000| PB 0x00000000d8000000| Untracked 
| 129|0x00000000d8100000, 0x00000000d8100000, 0x00000000d8200000|  0%| F|  |TAMS 0x00000000d8100000| PB 0x00000000d8100000| Untracked 
| 130|0x00000000d8200000, 0x00000000d8200000, 0x00000000d8300000|  0%| F|  |TAMS 0x00000000d8200000| PB 0x00000000d8200000| Untracked 
| 131|0x00000000d8300000, 0x00000000d8300000, 0x00000000d8400000|  0%| F|  |TAMS 0x00000000d8300000| PB 0x00000000d8300000| Untracked 
| 132|0x00000000d8400000, 0x00000000d8400000, 0x00000000d8500000|  0%| F|  |TAMS 0x00000000d8400000| PB 0x00000000d8400000| Untracked 
| 133|0x00000000d8500000, 0x00000000d8500000, 0x00000000d8600000|  0%| F|  |TAMS 0x00000000d8500000| PB 0x00000000d8500000| Untracked 
| 134|0x00000000d8600000, 0x00000000d8600000, 0x00000000d8700000|  0%| F|  |TAMS 0x00000000d8600000| PB 0x00000000d8600000| Untracked 
| 135|0x00000000d8700000, 0x00000000d8700000, 0x00000000d8800000|  0%| F|  |TAMS 0x00000000d8700000| PB 0x00000000d8700000| Untracked 
| 136|0x00000000d8800000, 0x00000000d8800000, 0x00000000d8900000|  0%| F|  |TAMS 0x00000000d8800000| PB 0x00000000d8800000| Untracked 
| 137|0x00000000d8900000, 0x00000000d8900000, 0x00000000d8a00000|  0%| F|  |TAMS 0x00000000d8900000| PB 0x00000000d8900000| Untracked 
| 138|0x00000000d8a00000, 0x00000000d8a00000, 0x00000000d8b00000|  0%| F|  |TAMS 0x00000000d8a00000| PB 0x00000000d8a00000| Untracked 
| 139|0x00000000d8b00000, 0x00000000d8b00000, 0x00000000d8c00000|  0%| F|  |TAMS 0x00000000d8b00000| PB 0x00000000d8b00000| Untracked 
| 140|0x00000000d8c00000, 0x00000000d8c00000, 0x00000000d8d00000|  0%| F|  |TAMS 0x00000000d8c00000| PB 0x00000000d8c00000| Untracked 
| 141|0x00000000d8d00000, 0x00000000d8d00000, 0x00000000d8e00000|  0%| F|  |TAMS 0x00000000d8d00000| PB 0x00000000d8d00000| Untracked 
| 142|0x00000000d8e00000, 0x00000000d8e00000, 0x00000000d8f00000|  0%| F|  |TAMS 0x00000000d8e00000| PB 0x00000000d8e00000| Untracked 
| 143|0x00000000d8f00000, 0x00000000d8f00000, 0x00000000d9000000|  0%| F|  |TAMS 0x00000000d8f00000| PB 0x00000000d8f00000| Untracked 
| 144|0x00000000d9000000, 0x00000000d9000000, 0x00000000d9100000|  0%| F|  |TAMS 0x00000000d9000000| PB 0x00000000d9000000| Untracked 
| 145|0x00000000d9100000, 0x00000000d9100000, 0x00000000d9200000|  0%| F|  |TAMS 0x00000000d9100000| PB 0x00000000d9100000| Untracked 
| 146|0x00000000d9200000, 0x00000000d9200000, 0x00000000d9300000|  0%| F|  |TAMS 0x00000000d9200000| PB 0x00000000d9200000| Untracked 
| 147|0x00000000d9300000, 0x00000000d9300000, 0x00000000d9400000|  0%| F|  |TAMS 0x00000000d9300000| PB 0x00000000d9300000| Untracked 
| 148|0x00000000d9400000, 0x00000000d9400000, 0x00000000d9500000|  0%| F|  |TAMS 0x00000000d9400000| PB 0x00000000d9400000| Untracked 
| 149|0x00000000d9500000, 0x00000000d9500000, 0x00000000d9600000|  0%| F|  |TAMS 0x00000000d9500000| PB 0x00000000d9500000| Untracked 
| 150|0x00000000d9600000, 0x00000000d9600000, 0x00000000d9700000|  0%| F|  |TAMS 0x00000000d9600000| PB 0x00000000d9600000| Untracked 
| 151|0x00000000d9700000, 0x00000000d9700000, 0x00000000d9800000|  0%| F|  |TAMS 0x00000000d9700000| PB 0x00000000d9700000| Untracked 
| 152|0x00000000d9800000, 0x00000000d9800000, 0x00000000d9900000|  0%| F|  |TAMS 0x00000000d9800000| PB 0x00000000d9800000| Untracked 
| 153|0x00000000d9900000, 0x00000000d9900000, 0x00000000d9a00000|  0%| F|  |TAMS 0x00000000d9900000| PB 0x00000000d9900000| Untracked 
| 154|0x00000000d9a00000, 0x00000000d9a00000, 0x00000000d9b00000|  0%| F|  |TAMS 0x00000000d9a00000| PB 0x00000000d9a00000| Untracked 
| 155|0x00000000d9b00000, 0x00000000d9b00000, 0x00000000d9c00000|  0%| F|  |TAMS 0x00000000d9b00000| PB 0x00000000d9b00000| Untracked 
| 156|0x00000000d9c00000, 0x00000000d9c00000, 0x00000000d9d00000|  0%| F|  |TAMS 0x00000000d9c00000| PB 0x00000000d9c00000| Untracked 
| 157|0x00000000d9d00000, 0x00000000d9d00000, 0x00000000d9e00000|  0%| F|  |TAMS 0x00000000d9d00000| PB 0x00000000d9d00000| Untracked 
| 158|0x00000000d9e00000, 0x00000000d9e00000, 0x00000000d9f00000|  0%| F|  |TAMS 0x00000000d9e00000| PB 0x00000000d9e00000| Untracked 
| 159|0x00000000d9f00000, 0x00000000d9f00000, 0x00000000da000000|  0%| F|  |TAMS 0x00000000d9f00000| PB 0x00000000d9f00000| Untracked 
| 160|0x00000000da000000, 0x00000000da000000, 0x00000000da100000|  0%| F|  |TAMS 0x00000000da000000| PB 0x00000000da000000| Untracked 
| 161|0x00000000da100000, 0x00000000da100000, 0x00000000da200000|  0%| F|  |TAMS 0x00000000da100000| PB 0x00000000da100000| Untracked 
| 162|0x00000000da200000, 0x00000000da200000, 0x00000000da300000|  0%| F|  |TAMS 0x00000000da200000| PB 0x00000000da200000| Untracked 
| 163|0x00000000da300000, 0x00000000da300000, 0x00000000da400000|  0%| F|  |TAMS 0x00000000da300000| PB 0x00000000da300000| Untracked 
| 164|0x00000000da400000, 0x00000000da400000, 0x00000000da500000|  0%| F|  |TAMS 0x00000000da400000| PB 0x00000000da400000| Untracked 
| 165|0x00000000da500000, 0x00000000da500000, 0x00000000da600000|  0%| F|  |TAMS 0x00000000da500000| PB 0x00000000da500000| Untracked 
| 166|0x00000000da600000, 0x00000000da600000, 0x00000000da700000|  0%| F|  |TAMS 0x00000000da600000| PB 0x00000000da600000| Untracked 
| 167|0x00000000da700000, 0x00000000da700000, 0x00000000da800000|  0%| F|  |TAMS 0x00000000da700000| PB 0x00000000da700000| Untracked 
| 168|0x00000000da800000, 0x00000000da800000, 0x00000000da900000|  0%| F|  |TAMS 0x00000000da800000| PB 0x00000000da800000| Untracked 
| 169|0x00000000da900000, 0x00000000da900000, 0x00000000daa00000|  0%| F|  |TAMS 0x00000000da900000| PB 0x00000000da900000| Untracked 
| 170|0x00000000daa00000, 0x00000000daa00000, 0x00000000dab00000|  0%| F|  |TAMS 0x00000000daa00000| PB 0x00000000daa00000| Untracked 
| 171|0x00000000dab00000, 0x00000000dab00000, 0x00000000dac00000|  0%| F|  |TAMS 0x00000000dab00000| PB 0x00000000dab00000| Untracked 
| 172|0x00000000dac00000, 0x00000000dac00000, 0x00000000dad00000|  0%| F|  |TAMS 0x00000000dac00000| PB 0x00000000dac00000| Untracked 
| 173|0x00000000dad00000, 0x00000000dad00000, 0x00000000dae00000|  0%| F|  |TAMS 0x00000000dad00000| PB 0x00000000dad00000| Untracked 
| 174|0x00000000dae00000, 0x00000000dae00000, 0x00000000daf00000|  0%| F|  |TAMS 0x00000000dae00000| PB 0x00000000dae00000| Untracked 
| 175|0x00000000daf00000, 0x00000000daf00000, 0x00000000db000000|  0%| F|  |TAMS 0x00000000daf00000| PB 0x00000000daf00000| Untracked 
| 176|0x00000000db000000, 0x00000000db000000, 0x00000000db100000|  0%| F|  |TAMS 0x00000000db000000| PB 0x00000000db000000| Untracked 
| 177|0x00000000db100000, 0x00000000db100000, 0x00000000db200000|  0%| F|  |TAMS 0x00000000db100000| PB 0x00000000db100000| Untracked 
| 178|0x00000000db200000, 0x00000000db200000, 0x00000000db300000|  0%| F|  |TAMS 0x00000000db200000| PB 0x00000000db200000| Untracked 
| 179|0x00000000db300000, 0x00000000db300000, 0x00000000db400000|  0%| F|  |TAMS 0x00000000db300000| PB 0x00000000db300000| Untracked 
| 180|0x00000000db400000, 0x00000000db400000, 0x00000000db500000|  0%| F|  |TAMS 0x00000000db400000| PB 0x00000000db400000| Untracked 
| 181|0x00000000db500000, 0x00000000db500000, 0x00000000db600000|  0%| F|  |TAMS 0x00000000db500000| PB 0x00000000db500000| Untracked 
| 182|0x00000000db600000, 0x00000000db600000, 0x00000000db700000|  0%| F|  |TAMS 0x00000000db600000| PB 0x00000000db600000| Untracked 
| 183|0x00000000db700000, 0x00000000db700000, 0x00000000db800000|  0%| F|  |TAMS 0x00000000db700000| PB 0x00000000db700000| Untracked 
| 184|0x00000000db800000, 0x00000000db800000, 0x00000000db900000|  0%| F|  |TAMS 0x00000000db800000| PB 0x00000000db800000| Untracked 
| 185|0x00000000db900000, 0x00000000db900000, 0x00000000dba00000|  0%| F|  |TAMS 0x00000000db900000| PB 0x00000000db900000| Untracked 
| 186|0x00000000dba00000, 0x00000000dba00000, 0x00000000dbb00000|  0%| F|  |TAMS 0x00000000dba00000| PB 0x00000000dba00000| Untracked 
| 187|0x00000000dbb00000, 0x00000000dbb00000, 0x00000000dbc00000|  0%| F|  |TAMS 0x00000000dbb00000| PB 0x00000000dbb00000| Untracked 
| 188|0x00000000dbc00000, 0x00000000dbc00000, 0x00000000dbd00000|  0%| F|  |TAMS 0x00000000dbc00000| PB 0x00000000dbc00000| Untracked 
| 189|0x00000000dbd00000, 0x00000000dbd00000, 0x00000000dbe00000|  0%| F|  |TAMS 0x00000000dbd00000| PB 0x00000000dbd00000| Untracked 
| 190|0x00000000dbe00000, 0x00000000dbe00000, 0x00000000dbf00000|  0%| F|  |TAMS 0x00000000dbe00000| PB 0x00000000dbe00000| Untracked 
| 191|0x00000000dbf00000, 0x00000000dbf00000, 0x00000000dc000000|  0%| F|  |TAMS 0x00000000dbf00000| PB 0x00000000dbf00000| Untracked 
| 192|0x00000000dc000000, 0x00000000dc000000, 0x00000000dc100000|  0%| F|  |TAMS 0x00000000dc000000| PB 0x00000000dc000000| Untracked 
| 193|0x00000000dc100000, 0x00000000dc100000, 0x00000000dc200000|  0%| F|  |TAMS 0x00000000dc100000| PB 0x00000000dc100000| Untracked 
| 194|0x00000000dc200000, 0x00000000dc200000, 0x00000000dc300000|  0%| F|  |TAMS 0x00000000dc200000| PB 0x00000000dc200000| Untracked 
| 195|0x00000000dc300000, 0x00000000dc300000, 0x00000000dc400000|  0%| F|  |TAMS 0x00000000dc300000| PB 0x00000000dc300000| Untracked 
| 196|0x00000000dc400000, 0x00000000dc400000, 0x00000000dc500000|  0%| F|  |TAMS 0x00000000dc400000| PB 0x00000000dc400000| Untracked 
| 197|0x00000000dc500000, 0x00000000dc500000, 0x00000000dc600000|  0%| F|  |TAMS 0x00000000dc500000| PB 0x00000000dc500000| Untracked 
| 198|0x00000000dc600000, 0x00000000dc600000, 0x00000000dc700000|  0%| F|  |TAMS 0x00000000dc600000| PB 0x00000000dc600000| Untracked 
| 199|0x00000000dc700000, 0x00000000dc700000, 0x00000000dc800000|  0%| F|  |TAMS 0x00000000dc700000| PB 0x00000000dc700000| Untracked 
| 200|0x00000000dc800000, 0x00000000dc800000, 0x00000000dc900000|  0%| F|  |TAMS 0x00000000dc800000| PB 0x00000000dc800000| Untracked 
| 201|0x00000000dc900000, 0x00000000dca00000, 0x00000000dca00000|100%| E|  |TAMS 0x00000000dc900000| PB 0x00000000dc900000| Complete 
| 202|0x00000000dca00000, 0x00000000dcb00000, 0x00000000dcb00000|100%| E|CS|TAMS 0x00000000dca00000| PB 0x00000000dca00000| Complete 
| 203|0x00000000dcb00000, 0x00000000dcc00000, 0x00000000dcc00000|100%| E|CS|TAMS 0x00000000dcb00000| PB 0x00000000dcb00000| Complete 
| 204|0x00000000dcc00000, 0x00000000dcd00000, 0x00000000dcd00000|100%| E|CS|TAMS 0x00000000dcc00000| PB 0x00000000dcc00000| Complete 
| 205|0x00000000dcd00000, 0x00000000dce00000, 0x00000000dce00000|100%| E|CS|TAMS 0x00000000dcd00000| PB 0x00000000dcd00000| Complete 
| 206|0x00000000dce00000, 0x00000000dcf00000, 0x00000000dcf00000|100%| E|CS|TAMS 0x00000000dce00000| PB 0x00000000dce00000| Complete 
| 207|0x00000000dcf00000, 0x00000000dd000000, 0x00000000dd000000|100%| E|CS|TAMS 0x00000000dcf00000| PB 0x00000000dcf00000| Complete 
| 208|0x00000000dd000000, 0x00000000dd100000, 0x00000000dd100000|100%| E|CS|TAMS 0x00000000dd000000| PB 0x00000000dd000000| Complete 
| 209|0x00000000dd100000, 0x00000000dd200000, 0x00000000dd200000|100%| E|CS|TAMS 0x00000000dd100000| PB 0x00000000dd100000| Complete 
| 210|0x00000000dd200000, 0x00000000dd300000, 0x00000000dd300000|100%| E|CS|TAMS 0x00000000dd200000| PB 0x00000000dd200000| Complete 
| 211|0x00000000dd300000, 0x00000000dd400000, 0x00000000dd400000|100%| E|CS|TAMS 0x00000000dd300000| PB 0x00000000dd300000| Complete 
| 212|0x00000000dd400000, 0x00000000dd500000, 0x00000000dd500000|100%| E|CS|TAMS 0x00000000dd400000| PB 0x00000000dd400000| Complete 
| 213|0x00000000dd500000, 0x00000000dd600000, 0x00000000dd600000|100%| E|CS|TAMS 0x00000000dd500000| PB 0x00000000dd500000| Complete 
| 214|0x00000000dd600000, 0x00000000dd700000, 0x00000000dd700000|100%| E|CS|TAMS 0x00000000dd600000| PB 0x00000000dd600000| Complete 
| 215|0x00000000dd700000, 0x00000000dd800000, 0x00000000dd800000|100%| E|CS|TAMS 0x00000000dd700000| PB 0x00000000dd700000| Complete 
| 216|0x00000000dd800000, 0x00000000dd900000, 0x00000000dd900000|100%| E|CS|TAMS 0x00000000dd800000| PB 0x00000000dd800000| Complete 
| 217|0x00000000dd900000, 0x00000000dda00000, 0x00000000dda00000|100%| E|CS|TAMS 0x00000000dd900000| PB 0x00000000dd900000| Complete 
| 218|0x00000000dda00000, 0x00000000ddb00000, 0x00000000ddb00000|100%| E|CS|TAMS 0x00000000dda00000| PB 0x00000000dda00000| Complete 
| 219|0x00000000ddb00000, 0x00000000ddc00000, 0x00000000ddc00000|100%| E|CS|TAMS 0x00000000ddb00000| PB 0x00000000ddb00000| Complete 
| 220|0x00000000ddc00000, 0x00000000ddcfe220, 0x00000000ddd00000| 99%| S|CS|TAMS 0x00000000ddc00000| PB 0x00000000ddc00000| Complete 
| 221|0x00000000ddd00000, 0x00000000dde00000, 0x00000000dde00000|100%| S|CS|TAMS 0x00000000ddd00000| PB 0x00000000ddd00000| Complete 
| 222|0x00000000dde00000, 0x00000000ddf00000, 0x00000000ddf00000|100%| E|CS|TAMS 0x00000000dde00000| PB 0x00000000dde00000| Complete 
| 223|0x00000000ddf00000, 0x00000000de000000, 0x00000000de000000|100%| E|CS|TAMS 0x00000000ddf00000| PB 0x00000000ddf00000| Complete 
| 224|0x00000000de000000, 0x00000000de100000, 0x00000000de100000|100%| E|CS|TAMS 0x00000000de000000| PB 0x00000000de000000| Complete 
| 225|0x00000000de100000, 0x00000000de200000, 0x00000000de200000|100%| E|CS|TAMS 0x00000000de100000| PB 0x00000000de100000| Complete 
| 226|0x00000000de200000, 0x00000000de300000, 0x00000000de300000|100%| E|CS|TAMS 0x00000000de200000| PB 0x00000000de200000| Complete 
| 227|0x00000000de300000, 0x00000000de400000, 0x00000000de400000|100%| E|CS|TAMS 0x00000000de300000| PB 0x00000000de300000| Complete 
| 228|0x00000000de400000, 0x00000000de500000, 0x00000000de500000|100%| E|CS|TAMS 0x00000000de400000| PB 0x00000000de400000| Complete 
| 229|0x00000000de500000, 0x00000000de600000, 0x00000000de600000|100%| E|CS|TAMS 0x00000000de500000| PB 0x00000000de500000| Complete 
| 230|0x00000000de600000, 0x00000000de700000, 0x00000000de700000|100%| E|CS|TAMS 0x00000000de600000| PB 0x00000000de600000| Complete 
| 231|0x00000000de700000, 0x00000000de800000, 0x00000000de800000|100%| E|CS|TAMS 0x00000000de700000| PB 0x00000000de700000| Complete 
| 232|0x00000000de800000, 0x00000000de900000, 0x00000000de900000|100%| E|CS|TAMS 0x00000000de800000| PB 0x00000000de800000| Complete 
| 233|0x00000000de900000, 0x00000000dea00000, 0x00000000dea00000|100%| E|CS|TAMS 0x00000000de900000| PB 0x00000000de900000| Complete 
| 234|0x00000000dea00000, 0x00000000deb00000, 0x00000000deb00000|100%| E|CS|TAMS 0x00000000dea00000| PB 0x00000000dea00000| Complete 
| 235|0x00000000deb00000, 0x00000000dec00000, 0x00000000dec00000|100%| E|CS|TAMS 0x00000000deb00000| PB 0x00000000deb00000| Complete 
| 236|0x00000000dec00000, 0x00000000ded00000, 0x00000000ded00000|100%| E|CS|TAMS 0x00000000dec00000| PB 0x00000000dec00000| Complete 
| 237|0x00000000ded00000, 0x00000000dee00000, 0x00000000dee00000|100%| E|CS|TAMS 0x00000000ded00000| PB 0x00000000ded00000| Complete 
| 238|0x00000000dee00000, 0x00000000def00000, 0x00000000def00000|100%| E|CS|TAMS 0x00000000dee00000| PB 0x00000000dee00000| Complete 
| 239|0x00000000def00000, 0x00000000df000000, 0x00000000df000000|100%| E|CS|TAMS 0x00000000def00000| PB 0x00000000def00000| Complete 
| 240|0x00000000df000000, 0x00000000df100000, 0x00000000df100000|100%| E|CS|TAMS 0x00000000df000000| PB 0x00000000df000000| Complete 
| 241|0x00000000df100000, 0x00000000df200000, 0x00000000df200000|100%| E|CS|TAMS 0x00000000df100000| PB 0x00000000df100000| Complete 
| 242|0x00000000df200000, 0x00000000df300000, 0x00000000df300000|100%| E|CS|TAMS 0x00000000df200000| PB 0x00000000df200000| Complete 
| 243|0x00000000df300000, 0x00000000df400000, 0x00000000df400000|100%| E|CS|TAMS 0x00000000df300000| PB 0x00000000df300000| Complete 
| 244|0x00000000df400000, 0x00000000df500000, 0x00000000df500000|100%| E|CS|TAMS 0x00000000df400000| PB 0x00000000df400000| Complete 
| 245|0x00000000df500000, 0x00000000df600000, 0x00000000df600000|100%| E|CS|TAMS 0x00000000df500000| PB 0x00000000df500000| Complete 
| 246|0x00000000df600000, 0x00000000df700000, 0x00000000df700000|100%| E|CS|TAMS 0x00000000df600000| PB 0x00000000df600000| Complete 
| 247|0x00000000df700000, 0x00000000df800000, 0x00000000df800000|100%| E|CS|TAMS 0x00000000df700000| PB 0x00000000df700000| Complete 
| 248|0x00000000df800000, 0x00000000df900000, 0x00000000df900000|100%| E|CS|TAMS 0x00000000df800000| PB 0x00000000df800000| Complete 
| 249|0x00000000df900000, 0x00000000dfa00000, 0x00000000dfa00000|100%| E|CS|TAMS 0x00000000df900000| PB 0x00000000df900000| Complete 
| 250|0x00000000dfa00000, 0x00000000dfb00000, 0x00000000dfb00000|100%| E|CS|TAMS 0x00000000dfa00000| PB 0x00000000dfa00000| Complete 
| 251|0x00000000dfb00000, 0x00000000dfc00000, 0x00000000dfc00000|100%| E|CS|TAMS 0x00000000dfb00000| PB 0x00000000dfb00000| Complete 
| 252|0x00000000dfc00000, 0x00000000dfd00000, 0x00000000dfd00000|100%| E|CS|TAMS 0x00000000dfc00000| PB 0x00000000dfc00000| Complete 
| 253|0x00000000dfd00000, 0x00000000dfe00000, 0x00000000dfe00000|100%| E|CS|TAMS 0x00000000dfd00000| PB 0x00000000dfd00000| Complete 
| 254|0x00000000dfe00000, 0x00000000dff00000, 0x00000000dff00000|100%| E|CS|TAMS 0x00000000dfe00000| PB 0x00000000dfe00000| Complete 
| 255|0x00000000dff00000, 0x00000000e0000000, 0x00000000e0000000|100%| E|CS|TAMS 0x00000000dff00000| PB 0x00000000dff00000| Complete 

Card table byte_map: [0x00000162ad840000,0x00000162ad9c0000] _byte_map_base: 0x00000162ad1c0000

Marking Bits: (CMBitMap*) 0x0000016295caa450
 Bits: [0x00000162ad9c0000, 0x00000162ae5c0000)

Polling page: 0x0000016293a50000

Metaspace:

Usage:
  Non-class:     13.43 MB used.
      Class:      1.81 MB used.
       Both:     15.24 MB used.

Virtual space:
  Non-class space:       64.00 MB reserved,      13.56 MB ( 21%) committed,  1 nodes.
      Class space:        1.00 GB reserved,       1.88 MB ( <1%) committed,  1 nodes.
             Both:        1.06 GB reserved,      15.44 MB (  1%) committed. 

Chunk freelists:
   Non-Class:  2.00 MB
       Class:  13.94 MB
        Both:  15.94 MB

MaxMetaspaceSize: unlimited
CompressedClassSpaceSize: 1.00 GB
Initial GC threshold: 21.00 MB
Current GC threshold: 21.00 MB
CDS: on
 - commit_granule_bytes: 65536.
 - commit_granule_words: 8192.
 - virtual_space_node_default_size: 8388608.
 - enlarge_chunks_in_place: 1.
 - use_allocation_guard: 0.


Internal statistics:

num_allocs_failed_limit: 0.
num_arena_births: 132.
num_arena_deaths: 0.
num_vsnodes_births: 2.
num_vsnodes_deaths: 0.
num_space_committed: 247.
num_space_uncommitted: 0.
num_chunks_returned_to_freelist: 0.
num_chunks_taken_from_freelist: 660.
num_chunk_merges: 0.
num_chunk_splits: 462.
num_chunks_enlarged: 368.
num_inconsistent_stats: 0.

CodeHeap 'non-profiled nmethods': size=120000Kb used=1614Kb max_used=1614Kb free=118385Kb
 bounds [0x00000162a5e60000, 0x00000162a60d0000, 0x00000162ad390000]
CodeHeap 'profiled nmethods': size=120000Kb used=7380Kb max_used=7380Kb free=112619Kb
 bounds [0x000001629e390000, 0x000001629ead0000, 0x00000162a58c0000]
CodeHeap 'non-nmethods': size=5760Kb used=1321Kb max_used=1368Kb free=4438Kb
 bounds [0x00000162a58c0000, 0x00000162a5b30000, 0x00000162a5e60000]
CodeCache: size=245760Kb, used=10315Kb, max_used=10362Kb, free=235442Kb
 total_blobs=4108, nmethods=3625, adapters=387, full_count=0
Compilation: enabled, stopped_count=0, restarted_count=0

Compilation events (20 events):
Event: 7.109 Thread 0x00000162b105d860 nmethod 3579 0x00000162a5ff1c90 code [0x00000162a5ff1e20, 0x00000162a5ff1ec8]
Event: 7.111 Thread 0x00000162b105d860 3586       4       org.codehaus.plexus.interpolation.util.ValueSourceUtils::trimPrefix (88 bytes)
Event: 7.115 Thread 0x00000162b1067be0 nmethod 3583 0x000001629eaa2b90 code [0x000001629eaa3500, 0x000001629eaa7168]
Event: 7.116 Thread 0x00000162b1067be0 3584       3       java.util.regex.Matcher::search (154 bytes)
Event: 7.116 Thread 0x00000162b1067be0 nmethod 3584 0x000001629eaa9110 code [0x000001629eaa9300, 0x000001629eaa9858]
Event: 7.116 Thread 0x00000162b1067be0 3585       3       org.apache.maven.model.Model::getMailingLists (23 bytes)
Event: 7.117 Thread 0x00000162b1067be0 nmethod 3585 0x000001629eaa9a10 code [0x000001629eaa9be0, 0x000001629eaa9fc8]
Event: 7.117 Thread 0x00000162b1067be0 3587       3       sun.nio.ch.FileChannelImpl::beginBlocking (12 bytes)
Event: 7.117 Thread 0x00000162b1067be0 nmethod 3587 0x000001629eaaa110 code [0x000001629eaaa2c0, 0x000001629eaaa430]
Event: 7.118 Thread 0x00000162b1067be0 3588       3       org.eclipse.aether.DefaultSessionData::computeIfAbsent (17 bytes)
Event: 7.118 Thread 0x00000162b1067be0 nmethod 3588 0x000001629eaaa510 code [0x000001629eaaa720, 0x000001629eaaae28]
Event: 7.119 Thread 0x00000162b1067be0 3589       3       org.eclipse.aether.DefaultSessionData$$Lambda/0x00000162b31ad670::<init> (10 bytes)
Event: 7.119 Thread 0x00000162b1067be0 nmethod 3589 0x000001629eaab090 code [0x000001629eaab240, 0x000001629eaab3f8]
Event: 7.119 Thread 0x00000162b1067be0 3590       3       sun.nio.fs.WindowsPath::getPathForWin32Calls (6 bytes)
Event: 7.120 Thread 0x00000162b1067be0 nmethod 3590 0x000001629eaab490 code [0x000001629eaab640, 0x000001629eaab780]
Event: 7.124 Thread 0x00000162b1067be0 3591       1       org.apache.maven.model.Plugin::setExecutions (6 bytes)
Event: 7.124 Thread 0x00000162b1067be0 nmethod 3591 0x00000162a5ff1f90 code [0x00000162a5ff2120, 0x00000162a5ff2230]
Event: 7.128 Thread 0x00000162b1067be0 3592       3       org.slf4j.impl.SimpleLogger::trace (9 bytes)
Event: 7.128 Thread 0x00000162b1067be0 nmethod 3592 0x000001629eaab810 code [0x000001629eaab9c0, 0x000001629eaabb18]
Event: 7.128 Thread 0x00000162b1067be0 3593       3       org.eclipse.aether.internal.impl.filter.RemoteRepositoryFilterSourceSupport::isEnabled (85 bytes)

GC Heap History (4 events):
Event: 1.474 GC heap before
{Heap before GC invocations=0 (full 0):
 garbage-first heap   total 262144K, used 22528K [0x00000000d0000000, 0x0000000100000000)
  region size 1024K, 23 young (23552K), 0 survivors (0K)
 Metaspace       used 5659K, committed 5824K, reserved 1114112K
  class space    used 664K, committed 768K, reserved 1048576K
}
Event: 1.497 GC heap after
{Heap after GC invocations=1 (full 0):
 garbage-first heap   total 262144K, used 3769K [0x00000000d0000000, 0x0000000100000000)
  region size 1024K, 3 young (3072K), 3 survivors (3072K)
 Metaspace       used 5659K, committed 5824K, reserved 1114112K
  class space    used 664K, committed 768K, reserved 1048576K
}
Event: 2.447 GC heap before
{Heap before GC invocations=1 (full 0):
 garbage-first heap   total 262144K, used 35513K [0x00000000d0000000, 0x0000000100000000)
  region size 1024K, 34 young (34816K), 3 survivors (3072K)
 Metaspace       used 9960K, committed 10112K, reserved 1114112K
  class space    used 1190K, committed 1280K, reserved 1048576K
}
Event: 2.452 GC heap after
{Heap after GC invocations=2 (full 0):
 garbage-first heap   total 262144K, used 5834K [0x00000000d0000000, 0x0000000100000000)
  region size 1024K, 2 young (2048K), 2 survivors (2048K)
 Metaspace       used 9960K, committed 10112K, reserved 1114112K
  class space    used 1190K, committed 1280K, reserved 1048576K
}

Dll operation events (8 events):
Event: 0.011 Loaded shared library D:\jdk\bin\java.dll
Event: 0.042 Loaded shared library D:\jdk\bin\jsvml.dll
Event: 0.086 Loaded shared library D:\jdk\bin\net.dll
Event: 0.116 Loaded shared library D:\jdk\bin\nio.dll
Event: 0.134 Loaded shared library D:\jdk\bin\zip.dll
Event: 0.643 Loaded shared library D:\jdk\bin\jimage.dll
Event: 0.647 Loaded shared library C:\Users\joser\.m2\wrapper\dists\apache-maven-3.9.14\db91789b\lib\jansi-native\Windows\x86_64\jansi.dll
Event: 0.662 Loaded shared library D:\jdk\bin\verify.dll

Deoptimization events (20 events):
Event: 5.563 Thread 0x00000162937e0360 DEOPT PACKING pc=0x00000162a5fbb7ac sp=0x0000006087ffdff0
Event: 5.563 Thread 0x00000162937e0360 DEOPT UNPACKING pc=0x00000162a5914422 sp=0x0000006087ffdf98 mode 2
Event: 6.772 Thread 0x00000162937e0360 DEOPT PACKING pc=0x000001629e9addcd sp=0x0000006087ffe310
Event: 6.772 Thread 0x00000162937e0360 DEOPT UNPACKING pc=0x00000162a5914bc2 sp=0x0000006087ffd848 mode 0
Event: 6.921 Thread 0x00000162937e0360 Uncommon trap: trap_request=0xffffff45 fr.pc=0x00000162a5fcf540 relative=0x00000000000000a0
Event: 6.921 Thread 0x00000162937e0360 Uncommon trap: reason=unstable_if action=reinterpret pc=0x00000162a5fcf540 method=org.apache.maven.model.validation.DefaultModelValidator.isValidIdCharacter(C)Z @ 51 c2
Event: 6.921 Thread 0x00000162937e0360 DEOPT PACKING pc=0x00000162a5fcf540 sp=0x0000006087ffe4f0
Event: 6.921 Thread 0x00000162937e0360 DEOPT UNPACKING pc=0x00000162a5914422 sp=0x0000006087ffe488 mode 2
Event: 7.001 Thread 0x00000162937e0360 Uncommon trap: trap_request=0xffffff45 fr.pc=0x00000162a5f59b5c relative=0x00000000000000bc
Event: 7.001 Thread 0x00000162937e0360 Uncommon trap: reason=unstable_if action=reinterpret pc=0x00000162a5f59b5c method=java.lang.Integer.stringSize(I)I @ 19 c2
Event: 7.001 Thread 0x00000162937e0360 DEOPT PACKING pc=0x00000162a5f59b5c sp=0x0000006087ffdfd0
Event: 7.001 Thread 0x00000162937e0360 DEOPT UNPACKING pc=0x00000162a5914422 sp=0x0000006087ffdf48 mode 2
Event: 7.090 Thread 0x00000162937e0360 Uncommon trap: trap_request=0xffffff45 fr.pc=0x00000162a5fc4150 relative=0x0000000000001690
Event: 7.090 Thread 0x00000162937e0360 Uncommon trap: reason=unstable_if action=reinterpret pc=0x00000162a5fc4150 method=org.codehaus.plexus.util.xml.pull.MXParser.nextImpl()I @ 280 c2
Event: 7.090 Thread 0x00000162937e0360 DEOPT PACKING pc=0x00000162a5fc4150 sp=0x0000006087ffd8c0
Event: 7.090 Thread 0x00000162937e0360 DEOPT UNPACKING pc=0x00000162a5914422 sp=0x0000006087ffd868 mode 2
Event: 7.103 Thread 0x00000162937e0360 Uncommon trap: trap_request=0xffffff45 fr.pc=0x00000162a5fcb050 relative=0x0000000000000870
Event: 7.103 Thread 0x00000162937e0360 Uncommon trap: reason=unstable_if action=reinterpret pc=0x00000162a5fcb050 method=java.util.regex.Pattern$Start.match(Ljava/util/regex/Matcher;ILjava/lang/CharSequence;)Z @ 10 c2
Event: 7.103 Thread 0x00000162937e0360 DEOPT PACKING pc=0x00000162a5fcb050 sp=0x0000006087ffdca0
Event: 7.103 Thread 0x00000162937e0360 DEOPT UNPACKING pc=0x00000162a5914422 sp=0x0000006087ffdc00 mode 2

Classes loaded (20 events):
Event: 4.942 Loading class java/util/stream/IntPipeline done
Event: 4.942 Loading class java/util/stream/IntPipeline$Head done
Event: 4.952 Loading class java/util/StringTokenizer
Event: 4.953 Loading class java/util/StringTokenizer done
Event: 4.966 Loading class sun/invoke/util/ValueConversions$1
Event: 4.967 Loading class sun/invoke/util/ValueConversions$1 done
Event: 4.968 Loading class java/lang/invoke/BoundMethodHandle$Species_LI
Event: 4.968 Loading class java/lang/invoke/BoundMethodHandle$Species_LI done
Event: 4.999 Loading class java/util/stream/Streams$RangeIntSpliterator
Event: 5.000 Loading class java/util/stream/Streams$RangeIntSpliterator done
Event: 7.041 Loading class java/util/stream/MatchOps$MatchKind
Event: 7.041 Loading class java/util/stream/MatchOps$MatchKind done
Event: 7.041 Loading class java/util/stream/MatchOps
Event: 7.042 Loading class java/util/stream/MatchOps done
Event: 7.042 Loading class java/util/stream/MatchOps$MatchOp
Event: 7.042 Loading class java/util/stream/MatchOps$MatchOp done
Event: 7.042 Loading class java/util/stream/MatchOps$BooleanTerminalSink
Event: 7.042 Loading class java/util/stream/MatchOps$BooleanTerminalSink done
Event: 7.043 Loading class java/util/stream/MatchOps$1MatchSink
Event: 7.043 Loading class java/util/stream/MatchOps$1MatchSink done

Classes unloaded (0 events):
No events

Classes redefined (0 events):
No events

Internal exceptions (20 events):
Event: 1.218 Thread 0x00000162937e0360 Exception <a 'java/lang/NoSuchMethodError'{0x00000000df0e1c90}: 'int java.lang.invoke.DirectMethodHandle$Holder.invokeSpecialIFC(java.lang.Object, java.lang.Object, java.lang.Object, java.lang.Object, java.lang.Object)'> (0x00000000df0e1c90) 
thrown [s\src\hotspot\share\interpreter\linkResolver.cpp, line 773]
Event: 1.319 Thread 0x00000162937e0360 Exception <a 'java/lang/NoSuchMethodError'{0x00000000dee87350}: 'java.lang.Object java.lang.invoke.DirectMethodHandle$Holder.newInvokeSpecial(java.lang.Object, java.lang.Object, java.lang.Object, java.lang.Object, java.lang.Object)'> (0x00000000dee87350) 
thrown [s\src\hotspot\share\interpreter\linkResolver.cpp, line 773]
Event: 1.376 Thread 0x00000162937e0360 Exception <a 'java/lang/NoSuchMethodError'{0x00000000deda7430}: 'int java.lang.invoke.DirectMethodHandle$Holder.invokeStaticInit(java.lang.Object, java.lang.Object)'> (0x00000000deda7430) 
thrown [s\src\hotspot\share\interpreter\linkResolver.cpp, line 773]
Event: 1.385 Thread 0x00000162937e0360 Exception <a 'java/lang/NoClassDefFoundError'{0x00000000deddf868}: javax/enterprise/inject/Typed> (0x00000000deddf868) 
thrown [s\src\hotspot\share\classfile\systemDictionary.cpp, line 301]
Event: 3.067 Thread 0x00000162937e0360 Exception <a 'java/lang/NoSuchMethodError'{0x00000000dfc85f00}: 'void java.lang.invoke.DirectMethodHandle$Holder.invokeStaticInit(java.lang.Object, java.lang.Object, java.lang.Object)'> (0x00000000dfc85f00) 
thrown [s\src\hotspot\share\interpreter\linkResolver.cpp, line 773]
Event: 3.085 Thread 0x00000162937e0360 Implicit null exception at 0x00000162a5f12d5a to 0x00000162a5f12f58
Event: 3.088 Thread 0x00000162937e0360 Exception <a 'java/lang/NoSuchMethodError'{0x00000000dfcf7150}: 'java.lang.Object java.lang.invoke.Invokers$Holder.invokeExact_MT(java.lang.Object, int, java.lang.Object)'> (0x00000000dfcf7150) 
thrown [s\src\hotspot\share\interpreter\linkResolver.cpp, line 773]
Event: 4.119 Thread 0x00000162937e0360 Exception <a 'java/lang/NoSuchMethodError'{0x00000000df328cd8}: 'void java.lang.invoke.Invokers$Holder.invokeExact_MT(java.lang.Object, java.lang.Object, java.lang.Object, java.lang.Object)'> (0x00000000df328cd8) 
thrown [s\src\hotspot\share\interpreter\linkResolver.cpp, line 773]
Event: 4.195 Thread 0x00000162937e0360 Exception <a 'java/lang/NoClassDefFoundError'{0x00000000df3bfae8}: com/google/inject/servlet/ServletModuleTargetVisitor> (0x00000000df3bfae8) 
thrown [s\src\hotspot\share\classfile\systemDictionary.cpp, line 301]
Event: 4.715 Thread 0x00000162937e0360 Exception <a 'java/lang/NoSuchMethodError'{0x00000000df0241f8}: 'java.lang.Object java.lang.invoke.DirectMethodHandle$Holder.invokeStaticInit(java.lang.Object, int, int, int, int)'> (0x00000000df0241f8) 
thrown [s\src\hotspot\share\interpreter\linkResolver.cpp, line 773]
Event: 4.811 Thread 0x00000162937e0360 Implicit null exception at 0x00000162a5e8d924 to 0x00000162a5e8dfbc
Event: 4.811 Thread 0x00000162937e0360 Implicit null exception at 0x00000162a5e8f720 to 0x00000162a5e8fdbc
Event: 4.855 Thread 0x00000162937e0360 Exception <a 'java/lang/NoSuchMethodError'{0x00000000decfbf90}: 'void java.lang.invoke.DirectMethodHandle$Holder.invokeSpecial(java.lang.Object, java.lang.Object, java.lang.Object, java.lang.Object, java.lang.Object)'> (0x00000000decfbf90) 
thrown [s\src\hotspot\share\interpreter\linkResolver.cpp, line 773]
Event: 4.857 Thread 0x00000162937e0360 Exception <a 'java/lang/NoSuchMethodError'{0x00000000deb126d0}: 'void java.lang.invoke.DirectMethodHandle$Holder.invokeSpecial(java.lang.Object, java.lang.Object, java.lang.Object, java.lang.Object, java.lang.Object, java.lang.Object)'> (0x00000000deb126d0) 
thrown [s\src\hotspot\share\interpreter\linkResolver.cpp, line 773]
Event: 4.874 Thread 0x00000162937e0360 Exception <a 'java/lang/NoSuchMethodError'{0x00000000dea532a8}: 'java.lang.Object java.lang.invoke.DirectMethodHandle$Holder.invokeVirtual(java.lang.Object, java.lang.Object, java.lang.Object)'> (0x00000000dea532a8) 
thrown [s\src\hotspot\share\interpreter\linkResolver.cpp, line 773]
Event: 4.966 Thread 0x00000162937e0360 Exception <a 'java/lang/NoSuchMethodError'{0x00000000de84a140}: 'void java.lang.invoke.DirectMethodHandle$Holder.invokeVirtual(java.lang.Object, java.lang.Object, int)'> (0x00000000de84a140) 
thrown [s\src\hotspot\share\interpreter\linkResolver.cpp, line 773]
Event: 4.967 Thread 0x00000162937e0360 Exception <a 'java/lang/NoSuchMethodError'{0x00000000de84e378}: 'int java.lang.invoke.DirectMethodHandle$Holder.invokeSpecial(java.lang.Object, java.lang.Object, java.lang.Object, int)'> (0x00000000de84e378) 
thrown [s\src\hotspot\share\interpreter\linkResolver.cpp, line 773]
Event: 4.969 Thread 0x00000162937e0360 Exception <a 'java/lang/NoSuchMethodError'{0x00000000de860dc0}: 'java.lang.Object java.lang.invoke.DirectMethodHandle$Holder.invokeStatic(java.lang.Object, java.lang.Object, java.lang.Object, java.lang.Object, int)'> (0x00000000de860dc0) 
thrown [s\src\hotspot\share\interpreter\linkResolver.cpp, line 773]
Event: 4.971 Thread 0x00000162937e0360 Exception <a 'java/lang/NoSuchMethodError'{0x00000000de868d90}: 'void java.lang.invoke.DirectMethodHandle$Holder.invokeSpecial(java.lang.Object, java.lang.Object, java.lang.Object, int)'> (0x00000000de868d90) 
thrown [s\src\hotspot\share\interpreter\linkResolver.cpp, line 773]
Event: 4.971 Thread 0x00000162937e0360 Exception <a 'java/lang/NoSuchMethodError'{0x00000000de86c470}: 'void java.lang.invoke.DelegatingMethodHandle$Holder.reinvoke_L(java.lang.Object, java.lang.Object, int)'> (0x00000000de86c470) 
thrown [s\src\hotspot\share\interpreter\linkResolver.cpp, line 773]

ZGC Phase Switch (0 events):
No events

VM Operations (20 events):
Event: 3.395 Executing non-safepoint VM operation: HandshakeAllThreads (Deoptimize)
Event: 3.395 Executing non-safepoint VM operation: HandshakeAllThreads (Deoptimize) done
Event: 4.095 Executing non-safepoint VM operation: HandshakeAllThreads (Deoptimize)
Event: 4.095 Executing non-safepoint VM operation: HandshakeAllThreads (Deoptimize) done
Event: 4.095 Executing safepoint VM operation: Cleanup
Event: 4.096 Executing safepoint VM operation: Cleanup done
Event: 4.484 Executing non-safepoint VM operation: HandshakeAllThreads (Deoptimize)
Event: 4.484 Executing non-safepoint VM operation: HandshakeAllThreads (Deoptimize) done
Event: 4.641 Executing non-safepoint VM operation: HandshakeAllThreads (Deoptimize)
Event: 4.641 Executing non-safepoint VM operation: HandshakeAllThreads (Deoptimize) done
Event: 4.729 Executing non-safepoint VM operation: HandshakeAllThreads (Deoptimize)
Event: 4.729 Executing non-safepoint VM operation: HandshakeAllThreads (Deoptimize) done
Event: 4.780 Executing non-safepoint VM operation: HandshakeAllThreads (Deoptimize)
Event: 4.780 Executing non-safepoint VM operation: HandshakeAllThreads (Deoptimize) done
Event: 4.973 Executing safepoint VM operation: ICBufferFull
Event: 4.973 Executing safepoint VM operation: ICBufferFull done
Event: 5.984 Executing safepoint VM operation: Cleanup
Event: 5.998 Executing safepoint VM operation: Cleanup done
Event: 7.009 Executing safepoint VM operation: Cleanup
Event: 7.010 Executing safepoint VM operation: Cleanup done

Memory protections (0 events):
No events

Nmethod flushes (0 events):
No events

Events (20 events):
Event: 0.081 Thread 0x00000162937e0360 Thread added: 0x00000162b11a2db0
Event: 0.349 Thread 0x00000162b1067be0 Thread added: 0x00000162b10682b0
Event: 0.349 Thread 0x00000162b1067be0 Thread added: 0x00000162b1069720
Event: 0.570 Thread 0x00000162b1069720 Thread exited: 0x00000162b1069720
Event: 0.639 Thread 0x00000162b10682b0 Thread exited: 0x00000162b10682b0
Event: 0.642 Thread 0x00000162937e0360 Thread added: 0x00000162b13c0d10
Event: 0.670 Thread 0x00000162b13c0d10 Thread exited: 0x00000162b13c0d10
Event: 1.041 Thread 0x00000162b1067be0 Thread added: 0x00000162b10682b0
Event: 1.435 Thread 0x00000162b1067be0 Thread added: 0x00000162b1069050
Event: 3.054 Thread 0x00000162b1069050 Thread exited: 0x00000162b1069050
Event: 3.054 Thread 0x00000162b10682b0 Thread exited: 0x00000162b10682b0
Event: 4.146 Thread 0x00000162b1067be0 Thread added: 0x00000162b10660a0
Event: 4.693 Thread 0x00000162b10660a0 Thread exited: 0x00000162b10660a0
Event: 4.744 Thread 0x00000162937e0360 Thread added: 0x00000162f79fd800
Event: 4.762 Thread 0x00000162b1067be0 Thread added: 0x00000162b1066770
Event: 5.007 Thread 0x00000162b1067be0 Thread added: 0x00000162b1069050
Event: 5.273 Thread 0x00000162b1069050 Thread exited: 0x00000162b1069050
Event: 5.314 Thread 0x00000162b1066770 Thread exited: 0x00000162b1066770
Event: 5.929 Thread 0x00000162b1067be0 Thread added: 0x00000162b1066e40
Event: 6.072 Thread 0x00000162b1066e40 Thread exited: 0x00000162b1066e40


Dynamic libraries:
0x00007ff704b70000 - 0x00007ff704b7e000 	D:\jdk\bin\java.exe
0x00007ff8493e0000 - 0x00007ff849646000 	C:\WINDOWS\SYSTEM32\ntdll.dll
0x00007ff848900000 - 0x00007ff8489c9000 	C:\WINDOWS\System32\KERNEL32.DLL
0x00007ff846d50000 - 0x00007ff84714a000 	C:\WINDOWS\System32\KERNELBASE.dll
0x00007ff846a90000 - 0x00007ff846bdc000 	C:\WINDOWS\System32\ucrtbase.dll
0x00007ff83bc30000 - 0x00007ff83bc48000 	D:\jdk\bin\jli.dll
0x00007ff838c60000 - 0x00007ff838c7e000 	D:\jdk\bin\VCRUNTIME140.dll
0x00007ff848110000 - 0x00007ff8482d7000 	C:\WINDOWS\System32\USER32.dll
0x00007ff846be0000 - 0x00007ff846c07000 	C:\WINDOWS\System32\win32u.dll
0x00007ff8340b0000 - 0x00007ff834342000 	C:\WINDOWS\WinSxS\amd64_microsoft.windows.common-controls_6595b64144ccf1df_6.0.26100.8521_none_3e08b75ce33403b3\COMCTL32.dll
0x00007ff849270000 - 0x00007ff84929b000 	C:\WINDOWS\System32\GDI32.dll
0x00007ff847f80000 - 0x00007ff848029000 	C:\WINDOWS\System32\msvcrt.dll
0x00007ff846960000 - 0x00007ff846a8b000 	C:\WINDOWS\System32\gdi32full.dll
0x00007ff8468b0000 - 0x00007ff846953000 	C:\WINDOWS\System32\msvcp_win.dll
0x00007ff848530000 - 0x00007ff848562000 	C:\WINDOWS\System32\IMM32.DLL
0x00007ff83bc20000 - 0x00007ff83bc2c000 	D:\jdk\bin\vcruntime140_1.dll
0x00007ff8203d0000 - 0x00007ff82045d000 	D:\jdk\bin\msvcp140.dll
0x00007fffbd180000 - 0x00007fffbdf21000 	D:\jdk\bin\server\jvm.dll
0x00007ff849190000 - 0x00007ff849246000 	C:\WINDOWS\System32\ADVAPI32.dll
0x00007ff848b80000 - 0x00007ff848c2a000 	C:\WINDOWS\System32\sechost.dll
0x00007ff847e60000 - 0x00007ff847f78000 	C:\WINDOWS\System32\RPCRT4.dll
0x00007ff8492a0000 - 0x00007ff849320000 	C:\WINDOWS\System32\WS2_32.dll
0x00007ff8464d0000 - 0x00007ff84652e000 	C:\WINDOWS\SYSTEM32\POWRPROF.dll
0x00007ff831310000 - 0x00007ff831346000 	C:\WINDOWS\SYSTEM32\WINMM.dll
0x00007ff83dec0000 - 0x00007ff83decb000 	C:\WINDOWS\SYSTEM32\VERSION.dll
0x00007ff8464b0000 - 0x00007ff8464c4000 	C:\WINDOWS\SYSTEM32\UMPDC.dll
0x00007ff8453c0000 - 0x00007ff8453db000 	C:\WINDOWS\SYSTEM32\kernel.appcore.dll
0x00007ff838c50000 - 0x00007ff838c5a000 	D:\jdk\bin\jimage.dll
0x00007ff843d20000 - 0x00007ff843f62000 	C:\WINDOWS\SYSTEM32\DBGHELP.DLL
0x00007ff848cf0000 - 0x00007ff849073000 	C:\WINDOWS\System32\combase.dll
0x00007ff848030000 - 0x00007ff848109000 	C:\WINDOWS\System32\OLEAUT32.dll
0x00007ff81f6e0000 - 0x00007ff81f71b000 	C:\WINDOWS\SYSTEM32\dbgcore.DLL
0x00007ff846ca0000 - 0x00007ff846d48000 	C:\WINDOWS\System32\bcryptPrimitives.dll
0x00007ff832810000 - 0x00007ff832830000 	D:\jdk\bin\java.dll
0x00007ff8476d0000 - 0x00007ff847e54000 	C:\WINDOWS\System32\SHELL32.dll
0x00007ff844210000 - 0x00007ff844a90000 	C:\WINDOWS\SYSTEM32\windows.storage.dll
0x00007ff8482f0000 - 0x00007ff8483e6000 	C:\WINDOWS\System32\SHCORE.dll
0x00007ff8475e0000 - 0x00007ff847647000 	C:\WINDOWS\System32\shlwapi.dll
0x00007ff846590000 - 0x00007ff8465b9000 	C:\WINDOWS\SYSTEM32\profapi.dll
0x00007ff80c100000 - 0x00007ff80c1d7000 	D:\jdk\bin\jsvml.dll
0x00007ff838c40000 - 0x00007ff838c50000 	D:\jdk\bin\net.dll
0x00007ff839380000 - 0x00007ff8394a9000 	C:\WINDOWS\SYSTEM32\WINHTTP.dll
0x00007ff845920000 - 0x00007ff84598c000 	C:\WINDOWS\system32\mswsock.dll
0x00007ff8327f0000 - 0x00007ff832806000 	D:\jdk\bin\nio.dll
0x00007ff8327d0000 - 0x00007ff8327e8000 	D:\jdk\bin\zip.dll
0x00007ff8203a0000 - 0x00007ff8203c4000 	C:\Users\joser\.m2\wrapper\dists\apache-maven-3.9.14\db91789b\lib\jansi-native\Windows\x86_64\jansi.dll
0x00007ff832720000 - 0x00007ff832730000 	D:\jdk\bin\verify.dll

JVMTI agents: none

dbghelp: loaded successfully - version: 4.0.5 - missing functions: none
symbol engine: initialized successfully - sym options: 0x614 - pdb path: .;D:\jdk\bin;C:\WINDOWS\SYSTEM32;C:\WINDOWS\WinSxS\amd64_microsoft.windows.common-controls_6595b64144ccf1df_6.0.26100.8521_none_3e08b75ce33403b3;D:\jdk\bin\server;C:\Users\joser\.m2\wrapper\dists\apache-maven-3.9.14\db91789b\lib\jansi-native\Windows\x86_64

VM Arguments:
jvm_args: -Xms256m -Xmx768m -Dclassworlds.conf=C:/Users/joser/.m2/wrapper/dists/apache-maven-3.9.14/db91789b/bin/m2.conf -Dmaven.home=C:/Users/joser/.m2/wrapper/dists/apache-maven-3.9.14/db91789b -Dlibrary.jansi.path=C:/Users/joser/.m2/wrapper/dists/apache-maven-3.9.14/db91789b/lib/jansi-native -Dmaven.multiModuleProjectDirectory=C:/Users/joser/OneDrive/Desktop/colegio-bernardo-ohiggins/api-gateway 
java_command: org.codehaus.plexus.classworlds.launcher.Launcher test
java_class_path (initial): C:/Users/joser/.m2/wrapper/dists/apache-maven-3.9.14/db91789b/boot/plexus-classworlds-2.9.0.jar
Launcher Type: SUN_STANDARD

[Global flags]
     intx CICompilerCount                          = 4                                         {product} {ergonomic}
     uint ConcGCThreads                            = 2                                         {product} {ergonomic}
     uint G1ConcRefinementThreads                  = 8                                         {product} {ergonomic}
   size_t G1HeapRegionSize                         = 1048576                                   {product} {ergonomic}
    uintx GCDrainStackTargetSize                   = 64                                        {product} {ergonomic}
   size_t InitialHeapSize                          = 268435456                                 {product} {command line}
   size_t MarkStackSize                            = 4194304                                   {product} {ergonomic}
   size_t MaxHeapSize                              = 805306368                                 {product} {command line}
   size_t MaxNewSize                               = 482344960                                 {product} {ergonomic}
   size_t MinHeapDeltaBytes                        = 1048576                                   {product} {ergonomic}
   size_t MinHeapSize                              = 268435456                                 {product} {command line}
    uintx NonNMethodCodeHeapSize                   = 5839372                                {pd product} {ergonomic}
    uintx NonProfiledCodeHeapSize                  = 122909434                              {pd product} {ergonomic}
    uintx ProfiledCodeHeapSize                     = 122909434                              {pd product} {ergonomic}
    uintx ReservedCodeCacheSize                    = 251658240                              {pd product} {ergonomic}
     bool SegmentedCodeCache                       = true                                      {product} {ergonomic}
   size_t SoftMaxHeapSize                          = 805306368                              {manageable} {ergonomic}
     bool UseCompressedOops                        = true                           {product lp64_product} {ergonomic}
     bool UseG1GC                                  = true                                      {product} {ergonomic}
     bool UseLargePagesIndividualAllocation        = false                                  {pd product} {ergonomic}

Logging:
Log output configuration:
 #0: stdout all=warning uptime,level,tags foldmultilines=false
 #1: stderr all=off uptime,level,tags foldmultilines=false

Release file:
IMPLEMENTOR="Eclipse Adoptium" 
IMPLEMENTOR_VERSION="Temurin-21.0.10+7" 
JAVA_RUNTIME_VERSION="21.0.10+7-LTS" 
JAVA_VERSION="21.0.10" 
JAVA_VERSION_DATE="2026-01-20" 
LIBC="default" 
MODULES="java.base java.compiler java.datatransfer java.xml java.prefs java.desktop java.instrument java.logging java.management java.security.sasl java.naming java.rmi java.management.rmi java.net.http java.scripting java.security.jgss java.transaction.xa java.sql java.sql.rowset java.xml.crypto java.se java.smartcardio jdk.accessibility jdk.internal.jvmstat jdk.attach jdk.charsets jdk.internal.opt jdk.zipfs jdk.compiler jdk.crypto.ec jdk.crypto.cryptoki jdk.crypto.mscapi jdk.dynalink jdk.internal.ed jdk.editpad jdk.hotspot.agent jdk.httpserver jdk.incubator.vector jdk.internal.le jdk.internal.vm.ci jdk.internal.vm.compiler jdk.internal.vm.compiler.management jdk.jartool jdk.javadoc jdk.jcmd jdk.management jdk.management.agent jdk.jconsole jdk.jdeps jdk.jdwp.agent jdk.jdi jdk.jfr jdk.jlink jdk.jpackage jdk.jshell jdk.jsobject jdk.jstatd jdk.localedata jdk.management.jfr jdk.naming.dns jdk.naming.rmi jdk.net jdk.nio.mapmode jdk.random jdk.sctp jdk.security.auth jdk.security.jgss jdk.unsupported jdk.unsupported.desktop jdk.xml.dom" 
OS_ARCH="x86_64" 
OS_NAME="Windows" 
SOURCE=".:git:a633eafe0fcc" 
BUILD_SOURCE="git:458965074606f027bd5afce2cfd5c1055dea0438"
BUILD_SOURCE_REPO="https://github.com/adoptium/temurin-build.git"
SOURCE_REPO="https://github.com/adoptium/jdk21u.git"
FULL_VERSION="21.0.10+7-LTS"
SEMANTIC_VERSION="21.0.10+7"
BUILD_INFO="OS: Windows Server 2022 Version: 10.0"
JVM_VARIANT="Hotspot"
JVM_VERSION="21.0.10+7-LTS"
IMAGE_TYPE="JDK"

Environment Variables:
JAVA_HOME=D:/jdk
PATH=C:\Program Files\Git\mingw64\bin;C:\Program Files\Git\usr\bin;C:\Users\joser\bin;C:\Python314\Scripts;C:\Python314;D:\Nueva carpeta\bin;C:\Program Files (x86)\Common Files\Oracle\Java\java8path;C:\Program Files (x86)\Common Files\Oracle\Java\javapath;C:\WINDOWS\system32;C:\WINDOWS;C:\WINDOWS\System32\Wbem;C:\WINDOWS\System32\WindowsPowerShell\v1.0;C:\WINDOWS\System32\OpenSSH;C:\Program Files\NVIDIA Corporation\NVIDIA App\NvDLISR;C:\Program Files (x86)\NVIDIA Corporation\PhysX\Common;C:\Program Files\Git\cmd;C:\Program Files\nodejs;C:\ProgramData\chocolatey\bin;C:\Program Files\dotnet;C:\Program Files\Docker\Docker\resources\bin;C:\Users\joser\AppData\Local\Microsoft\WindowsApps;C:\Users\joser\AppData\Local\Programs\Microsoft VS Code\bin;C:\Users\joser\AppData\Roaming\npm
USERNAME=joser
TERM=xterm-256color
OS=Windows_NT
PROCESSOR_IDENTIFIER=Intel64 Family 6 Model 158 Stepping 10, GenuineIntel
TMP=C:\Users\joser\AppData\Local\Temp
TEMP=C:\Users\joser\AppData\Local\Temp




Periodic native trim disabled

---------------  S Y S T E M  ---------------

OS:
 Windows 11 , 64 bit Build 26100 (10.0.26100.8521)
OS uptime: 0 days 1:23 hours
Hyper-V role detected

CPU: total 8 (initial active 8) (4 cores per cpu, 2 threads per core) family 6 model 158 stepping 10 microcode 0xde, cx8, cmov, fxsr, ht, mmx, 3dnowpref, sse, sse2, sse3, ssse3, sse4.1, sse4.2, popcnt, lzcnt, tsc, tscinvbit, avx, avx2, aes, erms, clmul, bmi1, bmi2, adx, fma, vzeroupper, clflush, clflushopt, hv, rdtscp, f16c
Processor Information for the first 8 processors :
  Max Mhz: 2304, Current Mhz: 2304, Mhz Limit: 2304

Memory: 4k page, system-wide physical 16235M (454M free)
TotalPageFile size 21062M (AvailPageFile size 33M)
current process WorkingSet (physical memory assigned to process): 138M, peak: 138M
current process commit charge ("private bytes"): 377M, peak: 385M

vm_info: OpenJDK 64-Bit Server VM (21.0.10+7-LTS) for windows-amd64 JRE (21.0.10+7-LTS), built on 2026-01-20T00:00:00Z by "admin" with MS VC++ 17.12 (VS2022)

END.
