#
# There is insufficient memory for the Java Runtime Environment to continue.
# Native memory allocation (mmap) failed to map 266338304 bytes. Error detail: G1 virtual space
# Possible reasons:
#   The system is out of physical RAM or swap space
#   This process is running with CompressedOops enabled, and the Java Heap may be blocking the growth of the native heap
# Possible solutions:
#   Reduce memory load on the system
#   Increase physical memory or swap space
#   Check if swap backing store is full
#   Decrease Java heap size (-Xmx/-Xms)
#   Decrease number of Java threads
#   Decrease Java thread stack sizes (-Xss)
#   Set larger code cache with -XX:ReservedCodeCacheSize=
#   JVM is running with Zero Based Compressed Oops mode in which the Java heap is
#     placed in the first 32GB address space. The Java Heap base address is the
#     maximum limit for the native heap growth. Please use -XX:HeapBaseMinAddress
#     to set the Java Heap base and to place the Java Heap above 32GB virtual address.
# This output file may be truncated or incomplete.
#
#  Out of Memory Error (os_windows.cpp:3714), pid=20568, tid=6308
#
# JRE version:  (21.0.10+7) (build )
# Java VM: OpenJDK 64-Bit Server VM (21.0.10+7-LTS, mixed mode, sharing, tiered, compressed oops, compressed class ptrs, g1 gc, windows-amd64)
# No core dump will be written. Minidumps are not enabled by default on client versions of Windows
#

---------------  S U M M A R Y ------------

Command Line: --enable-native-access=ALL-UNNAMED 

Host: Intel(R) Core(TM) i5-8300H CPU @ 2.30GHz, 8 cores, 15G,  Windows 11 , 64 bit Build 26100 (10.0.26100.8521)
Time: Thu Jun 18 23:47:36 2026 Hora est. Sudam廨ica Pac璗ico elapsed time: 0.022733 seconds (0d 0h 0m 0s)

---------------  T H R E A D  ---------------

Current thread (0x00000193a1ea1100):  JavaThread "Unknown thread" [_thread_in_vm, id=6308, stack(0x0000005793100000,0x0000005793200000) (1024K)]

Stack: [0x0000005793100000,0x0000005793200000]
Native frames: (J=compiled Java code, j=interpreted, Vv=VM code, C=native code)
V  [jvm.dll+0x6d7a39]
V  [jvm.dll+0x8b4b26]
V  [jvm.dll+0x8b70de]
V  [jvm.dll+0x8b77c3]
V  [jvm.dll+0x284346]
V  [jvm.dll+0x6d4355]
V  [jvm.dll+0x6c808a]
V  [jvm.dll+0x35edb8]
V  [jvm.dll+0x3669f6]
V  [jvm.dll+0x3b7afe]
V  [jvm.dll+0x3b7da8]
V  [jvm.dll+0x332fbc]
V  [jvm.dll+0x333b0b]
V  [jvm.dll+0x87eadb]
V  [jvm.dll+0x3c4a81]
V  [jvm.dll+0x867d25]
V  [jvm.dll+0x457b31]
V  [jvm.dll+0x459721]
C  [jli.dll+0x52d0]
C  [ucrtbase.dll+0x2cd30]
C  [KERNEL32.DLL+0x2e957]
C  [ntdll.dll+0x87c1c]


---------------  P R O C E S S  ---------------

Threads class SMR info:
_java_thread_list=0x00007fffbe80a1c8, length=0, elements={
}

Java Threads: ( => current thread )
Total: 0

Other Threads:
  0x00000193a208f950 WorkerThread "GC Thread#0"                     [id=4552, stack(0x0000005793200000,0x0000005793300000) (1024K)]
  0x00000193a20a1490 ConcurrentGCThread "G1 Main Marker"            [id=12084, stack(0x0000005793300000,0x0000005793400000) (1024K)]
  0x00000193a20a2650 WorkerThread "G1 Conc#0"                       [id=18932, stack(0x0000005793400000,0x0000005793500000) (1024K)]

[error occurred during error reporting (printing all threads), id 0xc0000005, EXCEPTION_ACCESS_VIOLATION (0xc0000005) at pc=0x00007fffbdf056a7]
VM state: not at safepoint (not fully initialized)

VM Mutex/Monitor currently owned by a thread:  ([mutex/lock_event])
[0x00007fffbe87e660] Heap_lock - owner thread: 0x00000193a1ea1100

Heap address: 0x0000000702400000, size: 4060 MB, Compressed Oops mode: Zero based, Oop shift amount: 3

CDS archive(s) mapped at: [0x0000000000000000-0x0000000000000000-0x0000000000000000), size 0, SharedBaseAddress: 0x0000000800000000, ArchiveRelocationMode: 1.
Narrow klass base: 0x0000000000000000, Narrow klass shift: 0, Narrow klass range: 0x0

GC Precious Log:
 CardTable entry size: 512
 Card Set container configuration: InlinePtr #cards 4 size 8 Array Of Cards #cards 16 size 48 Howl #buckets 8 coarsen threshold 3686 Howl Bitmap #cards 512 size 80 coarsen threshold 460 Card regions per heap region 1 cards per card region 4096

Heap:
 garbage-first heap   total 0K, used 0K [0x0000000702400000, 0x0000000800000000)
  region size 2048K, 0 young (0K), 0 survivors (0K)

[error occurred during error reporting (printing heap information), id 0xc0000005, EXCEPTION_ACCESS_VIOLATION (0xc0000005) at pc=0x00007fffbe2f13b9]
GC Heap History (0 events):
No events

Dll operation events (1 events):
Event: 0.015 Loaded shared library D:\jdk\bin\java.dll

Deoptimization events (0 events):
No events

Classes loaded (0 events):
No events

Classes unloaded (0 events):
No events

Classes redefined (0 events):
No events

Internal exceptions (0 events):
No events

ZGC Phase Switch (0 events):
No events

VM Operations (0 events):
No events

Memory protections (0 events):
No events

Nmethod flushes (0 events):
No events

Events (0 events):
No events


Dynamic libraries:
0x00007ff623e90000 - 0x00007ff623e9e000 	D:\jdk\bin\java.exe
0x00007ff8493e0000 - 0x00007ff849646000 	C:\WINDOWS\SYSTEM32\ntdll.dll
0x00007ff848900000 - 0x00007ff8489c9000 	C:\WINDOWS\System32\KERNEL32.DLL
0x00007ff846d50000 - 0x00007ff84714a000 	C:\WINDOWS\System32\KERNELBASE.dll
0x00007ff846a90000 - 0x00007ff846bdc000 	C:\WINDOWS\System32\ucrtbase.dll
0x00007ff813920000 - 0x00007ff81393e000 	D:\jdk\bin\VCRUNTIME140.dll
0x00007ff81f340000 - 0x00007ff81f358000 	D:\jdk\bin\jli.dll
0x00007ff848110000 - 0x00007ff8482d7000 	C:\WINDOWS\System32\USER32.dll
0x00007ff846be0000 - 0x00007ff846c07000 	C:\WINDOWS\System32\win32u.dll
0x00007ff8340b0000 - 0x00007ff834342000 	C:\WINDOWS\WinSxS\amd64_microsoft.windows.common-controls_6595b64144ccf1df_6.0.26100.8521_none_3e08b75ce33403b3\COMCTL32.dll
0x00007ff849270000 - 0x00007ff84929b000 	C:\WINDOWS\System32\GDI32.dll
0x00007ff847f80000 - 0x00007ff848029000 	C:\WINDOWS\System32\msvcrt.dll
0x00007ff846960000 - 0x00007ff846a8b000 	C:\WINDOWS\System32\gdi32full.dll
0x00007ff8468b0000 - 0x00007ff846953000 	C:\WINDOWS\System32\msvcp_win.dll
0x00007ff848530000 - 0x00007ff848562000 	C:\WINDOWS\System32\IMM32.DLL
0x00007ff83bc60000 - 0x00007ff83bc6c000 	D:\jdk\bin\vcruntime140_1.dll
0x00007ff80ef80000 - 0x00007ff80f00d000 	D:\jdk\bin\msvcp140.dll
0x00007fffbdbc0000 - 0x00007fffbe961000 	D:\jdk\bin\server\jvm.dll
0x00007ff849190000 - 0x00007ff849246000 	C:\WINDOWS\System32\ADVAPI32.dll
0x00007ff848b80000 - 0x00007ff848c2a000 	C:\WINDOWS\System32\sechost.dll
0x00007ff847e60000 - 0x00007ff847f78000 	C:\WINDOWS\System32\RPCRT4.dll
0x00007ff8492a0000 - 0x00007ff849320000 	C:\WINDOWS\System32\WS2_32.dll
0x00007ff8464d0000 - 0x00007ff84652e000 	C:\WINDOWS\SYSTEM32\POWRPROF.dll
0x00007ff831310000 - 0x00007ff831346000 	C:\WINDOWS\SYSTEM32\WINMM.dll
0x00007ff83dec0000 - 0x00007ff83decb000 	C:\WINDOWS\SYSTEM32\VERSION.dll
0x00007ff8464b0000 - 0x00007ff8464c4000 	C:\WINDOWS\SYSTEM32\UMPDC.dll
0x00007ff8453c0000 - 0x00007ff8453db000 	C:\WINDOWS\SYSTEM32\kernel.appcore.dll
0x00007ff836280000 - 0x00007ff83628a000 	D:\jdk\bin\jimage.dll
0x00007ff843d20000 - 0x00007ff843f62000 	C:\WINDOWS\SYSTEM32\DBGHELP.DLL
0x00007ff848cf0000 - 0x00007ff849073000 	C:\WINDOWS\System32\combase.dll
0x00007ff848030000 - 0x00007ff848109000 	C:\WINDOWS\System32\OLEAUT32.dll
0x00007ff81f6e0000 - 0x00007ff81f71b000 	C:\WINDOWS\SYSTEM32\dbgcore.DLL
0x00007ff846ca0000 - 0x00007ff846d48000 	C:\WINDOWS\System32\bcryptPrimitives.dll
0x00007ff813900000 - 0x00007ff813920000 	D:\jdk\bin\java.dll

JVMTI agents: none

dbghelp: loaded successfully - version: 4.0.5 - missing functions: none
symbol engine: initialized successfully - sym options: 0x614 - pdb path: .;D:\jdk\bin;C:\WINDOWS\SYSTEM32;C:\WINDOWS\WinSxS\amd64_microsoft.windows.common-controls_6595b64144ccf1df_6.0.26100.8521_none_3e08b75ce33403b3;D:\jdk\bin\server

VM Arguments:
jvm_args: --enable-native-access=ALL-UNNAMED 
java_command: <unknown>
java_class_path (initial): <not set>
Launcher Type: SUN_STANDARD

[Global flags]
     intx CICompilerCount                          = 4                                         {product} {ergonomic}
     uint ConcGCThreads                            = 2                                         {product} {ergonomic}
     uint G1ConcRefinementThreads                  = 8                                         {product} {ergonomic}
   size_t G1HeapRegionSize                         = 2097152                                   {product} {ergonomic}
    uintx GCDrainStackTargetSize                   = 64                                        {product} {ergonomic}
   size_t InitialHeapSize                          = 266338304                                 {product} {ergonomic}
   size_t MarkStackSize                            = 4194304                                   {product} {ergonomic}
   size_t MaxHeapSize                              = 4257218560                                {product} {ergonomic}
   size_t MinHeapDeltaBytes                        = 2097152                                   {product} {ergonomic}
   size_t MinHeapSize                              = 8388608                                   {product} {ergonomic}
    uintx NonNMethodCodeHeapSize                   = 5839372                                {pd product} {ergonomic}
    uintx NonProfiledCodeHeapSize                  = 122909434                              {pd product} {ergonomic}
    uintx ProfiledCodeHeapSize                     = 122909434                              {pd product} {ergonomic}
    uintx ReservedCodeCacheSize                    = 251658240                              {pd product} {ergonomic}
     bool SegmentedCodeCache                       = true                                      {product} {ergonomic}
   size_t SoftMaxHeapSize                          = 4257218560                             {manageable} {ergonomic}
     bool UseCompressedOops                        = true                           {product lp64_product} {ergonomic}
     bool UseG1GC                                  = true                                      {product} {ergonomic}
     bool UseLargePagesIndividualAllocation        = false                                  {pd product} {ergonomic}

Logging:
Log output configuration:
 #0: stdout all=warning uptime,level,tags foldmultilines=false
 #1: stderr all=off uptime,level,tags foldmultilines=false

Release file:
<release file has not been read>
Environment Variables:
JAVA_HOME=D:/jdk
PATH=C:\Program Files\Git\mingw64\bin;C:\Program Files\Git\usr\bin;C:\Users\joser\bin;C:\Python314\Scripts;C:\Python314;D:\Nueva carpeta\bin;C:\Program Files (x86)\Common Files\Oracle\Java\java8path;C:\Program Files (x86)\Common Files\Oracle\Java\javapath;C:\WINDOWS\system32;C:\WINDOWS;C:\WINDOWS\System32\Wbem;C:\WINDOWS\System32\WindowsPowerShell\v1.0;C:\WINDOWS\System32\OpenSSH;C:\Program Files\NVIDIA Corporation\NVIDIA App\NvDLISR;C:\Program Files (x86)\NVIDIA Corporation\PhysX\Common;C:\Program Files\Git\cmd;C:\Program Files\nodejs;C:\ProgramData\chocolatey\bin;C:\Program Files\dotnet;C:\Program Files\Docker\Docker\resources\bin;C:\Users\joser\AppData\Local\Microsoft\WindowsApps;C:\Users\joser\AppData\Local\Programs\Microsoft VS Code\bin;C:\Users\joser\AppData\Roaming\npm
USERNAME=joser
TERM=xterm-256color
OS=Windows_NT
PROCESSOR_IDENTIFIER=Intel64 Family 6 Model 158 Stepping 10, GenuineIntel
TMP=C:\Users\joser\AppData\Local\Temp
TEMP=C:\Users\joser\AppData\Local\Temp




Periodic native trim disabled

---------------  S Y S T E M  ---------------

OS:
 Windows 11 , 64 bit Build 26100 (10.0.26100.8521)
OS uptime: 0 days 1:10 hours
Hyper-V role detected

CPU: total 8 (initial active 8) (4 cores per cpu, 2 threads per core) family 6 model 158 stepping 10 microcode 0xde, cx8, cmov, fxsr, ht, mmx, 3dnowpref, sse, sse2, sse3, ssse3, sse4.1, sse4.2, popcnt, lzcnt, tsc, tscinvbit, avx, avx2, aes, erms, clmul, bmi1, bmi2, adx, fma, vzeroupper, clflush, clflushopt, hv, rdtscp, f16c
Processor Information for the first 8 processors :
  Max Mhz: 2304, Current Mhz: 2304, Mhz Limit: 2304

Memory: 4k page, system-wide physical 16235M (2889M free)
TotalPageFile size 20739M (AvailPageFile size 743M)
current process WorkingSet (physical memory assigned to process): 12M, peak: 12M
current process commit charge ("private bytes"): 60M, peak: 314M

vm_info: OpenJDK 64-Bit Server VM (21.0.10+7-LTS) for windows-amd64 JRE (21.0.10+7-LTS), built on 2026-01-20T00:00:00Z by "admin" with MS VC++ 17.12 (VS2022)

END.
